500
0 6269 3005 3053 4644 6786 6413 8570 8586 4077 5069 8175 1905 4362 7459 4060 1042 2279 9021 9593 780 935 8069 5715
1 3743 8618 9636 9115 4077 4060 6413 2767 1323 2331 1181 6786 4071 1973 8140 2085 7742 246 2349 3547 7165 5867 8686 7880 6258 7762 935 321
2 5244 4060 2183 4077 6413 691 7321 8203 5103 9021 9115 3053 578 3963 8175 8423 8140 3743 6786 6258 949 8618 9040 4340
3 3743 5069 273 2060 6991 9293 8618 1323 4880 4295 6269 9115 6253 5244 5692 2486 4928 6153 6258
4 6269 8342 8618 5330 4060 3053 273 5103 5069 2085 691 7485 1905 4486 4644 6840 4077 2767 7459 7454 3950 6413 9301 6258 935 5715
5 1905 4077 8175 4060 1042 2767 8140 6413 1728 3743 2863 8586 9115 2925 5244 2183 6258 6786 7694 5069 3188 761 7285 4340 935 5715
6 4060 3743 6269 6413 8570 6991 4071 4077 3523 1905 1323 4644 2863 8586 691 9704 1336 5103 7742 8618 9688 7234 9040 4340 6258 9244 9968 935
7 4060 6269 5330 8140 3743 8040 1905 5103 7165 4077 5795 6258 3523 3053 6653 2551 2202 9646 7742 4071 8284 935 5715 321
8 8140 4077 6269 8618 3053 3895 4071 3523 4060 5795 3188 5330 1905 3565 4407 9636 2863 3113 6258 1042 6054 6413 2183 9244 935
9 4077 6413 3743 4644 4060 8175 4071 6767 8342 1042 6054 652 7459 1032 2486 8618 4407 6991 4869 7048 9398 6258 1496 1956 935 2790 6101
10 6269 8618 4077 691 6413 3743 3523 4060 1956 5692 6786 3547 2183 5872 1728 5103 7256 3005 9115 3417 2085 1042 2240
11 7165 6269 3153 3743 6413 4407 1905 6859 1728 8342 5546 8140 4060 7454 2551 3188 1323 4071 4077 83 6258 4644 6978 4928
12 8618 4071 4060 6786 4362 6413 6269 9636 8342 5103 1905 3743 4407 5442 2486 2335 5872 739 1181 3188 4077 1728 6153 8069 7709 935 7762 2288
13 3743 8175 8618 7165 6413 3005 4071 3523 7048 1336 7459 246 1728 6213 8342 450 1042 1937 9408 5872 8140 5295 2666 7880 6258 935
14 3743 4060 8140 8342 7165 8570 273 1905 7742 133 4407 3005 83 1962 155 5069 3053 949 4071 7381 6075 5330 4928 935 4362 5097 5715 6613
15 3005 4060 6413 6269 1336 4077 7165 8175 4486 5103 8586 9115 3153 6786 2085 1407 6859 5295 2127 4070 935 8069 6258 9968 321
16 6413 3743 4077 1905 4060 5872 5097 2486 5103 9442 6269 4766 4644 5330 4071 6840 6258 4721 8140 3926 1496 6054 1668 935
17 6413 4060 6786 7165 2741 3523 5546 8140 4486 5872 10 5069 6269 4077 2608 135 3565 691 8618 1181 4407 5103 4071 9640 7285 6054 6258 7762 3074
18 8618 6840 4077 8140 133 2939 790 9293 8175 4071 1407 7459 670 3153 6859 6991 3188 1905 6075 4060 1042 9040 4027 4340 6258 2240
19 4060 4077 3743 6413 8140 8618 3523 3188 7526 761 2767 8824 3895 7048 6253 1212 6266 9395 1956 6258 7762
20 4060 3743 6413 5330 4077 6786 1905 4486 8837 2279 739 8880 4766 7454 836 1042 6840 7459 6153 2741 935
21 4060 3053 6269 8618 3743 2183 2863 4071 4077 246 5097 5065 5687 7165 1042 9265 652 9722 667 2767 9115 8481 9735 7694 5794 1059 5038 6258 935 1668 9244 7949
22 7165 4644 1905 4077 4071 7459 5069 6413 4928 2183 9735 4880 1581 2863 4766 7454 7233 7434 1942 6698 8175 4060 2767 8284 1625 79
23 4060 4644 6413 9293 3743 3053 8175 8140 691 4391 478 6653 5295 2183 1042 6840 3547 5069 6786 5795 652 246 1956 6054 2240
24 3743 6413 8140 7459 691 4060 8618 4077 7526 790 5330 6269 3005 4880 3961 4717 2767 4486 5546 2183 8175 1181 1625 4071 9640 7049 8386 6054 6258 7880 2962
25 6413 4077 8342 1905 6269 667 4340 2183 761 1042 3297 3053 8423 3417 2790 6859 5103 6253 4721 8140 4407 4060 935
26 7165 3523 4077 8618 8140 3743 6269 4060 1407 4486 246 4071 8586 3895 7459 4644 273 5795 6413 761 6258 6054 7762 935 6613 2962
27 1905 5069 4077 5103 3523 7459 4027 4391 4071 1336 1323 8203 4060 4070 5097 691 6786 6258 2331 6075 1728 6269 1042 7742 9244 2962
28 9636 4060 8342 4486 8570 790 4077 1323 8175 6258 4293 2767 4928 8618 6413 2279 1336 691 6153 7285 9968 7949 3982
29 8175 4060 4071 7165 4077 8618 8342 1905 5097 4407 3297 1336 6258 1937 7048 1042 3053 6269 3743 6859 2767 3005 3079 3362 7253 1625 935 9968
30 8140 4060 4077 5546 3005 4928 8949 3523 2060 9646 4178 7526 1905 4071 1336 4880 6767 3494 779 3926 5069 450 6258 6054 935 9968
31 1905 6413 8342 578 4407 7742 4636 1907 1728 7485 871 9265 1796 2349 2608 6786 246 739 2741 7049 3417 4928 7526 4060 6258 7880 2327 9244 935 9968
32 6269 5330 8040 3053 8140 1407 6413 3005 1905 4060 7115 6258 9838 5825 4985 8175 9036 8837 4077 3153 4340 935 7880 6054 2643
33 7285 3005 9636 3523 1905 3743 6413 4077 4086 5587 2608 273 4060 3188 6258 133 8140 578 6153 8618 450 9244
34 3743 7165 133 4077 5069 9636 6269 3188 8618 4071 7459 2331 3005 652 4060 2608 1973 1323 7048 6258 1042 8140 6413 4880 7880 2183 1956 2666 935 9968 9007
35 4060 10 6413 8618 2741 6075 4071 2486 1905 5330 3743 9636 2060 9735 7742 4077 83 2863 4644 5795 7454 8140 691 6258 6584
36 4060 4928 4071 3053 3523 3743 3417 5330 7459 9606 6269 1336 8140 5069 2331 1423 2741 4684 6258 5097 1042 9244 7762
37 6413 1905 9640 3743 4060 4407 691 5330 3523 8618 8570 6840 7155 4880 8586 4077 3188 5546 5006 9968
38 4077 4060 3743 5069 6413 691 3895 790 2183 6840 8342 9735 2608 4928 4486 3926 6786 2279 3053 9636 3270 9040 9244 935 2962
39 6413 3743 8140 6269 4060 2767 7526 5546 5330 2486 6786 4928 8837 3523 2279 646 1042 4704 2327 6258 935 2643
40 4060 1905 6413 6258 7165 6269 4766 4077 3005 4880 1728 3743 4071 5658 9293 9632 1407 1625 779 4407 9722 8140 9659 761 4340 2611 7791
41 6413 7459 6258 6213 7742 4060 7165 691 4071 1407 1905 4821 7526 949 3743 9632 4766 3264 2666 3417 4340 1042 2340
42 3743 5069 7454 1181 4077 1042 6258 7694 8618 4060 7048 3053 3005 3153 6266 5704 2183 10 8140 7654 6413 8040 505 3961 6786 691 1956 3936 979
43 4077 6413 4060 133 779 790 3523 9829 8342 7048 1042 5097 4100 5038 9115 1905 5183 6786 7459 7454 949 7485 8248 7791 935 3894 2962
44 4077 6258 9636 7165 5330 9115 3523 4391 9293 6413 8618 3743 3465 9688 2741 7126 133 3 2486 4766 6153 450 4985 7762 935 2962
45 9829 4060 8203 9887 4928 8949 3743 6506 7454 4636 4071 6213 3523 9040 790 7654 1042 7694 2790 1625 935 321
46 3005 3743 6413 8586 4060 2183 8618 5795 6786 9735 5330 4644 3053 670 5687 7459 4027 8990 4486 7234 1942 7165 5103 4362 1042 135 935
47 1905 4060 7459 133 4071 6786 6153 3582 9115 1796 1423 3053 9735 296 246 5335 3523 7253 3297 4407 4684 9688 935 6258
48 6413 4060 3005 1905 3743 8342 6786 4077 4928 5069 6269 4644 4071 915 1181 8618 4340 9115 9632 3523 5295 9398 6258 9688 6054
49 6413 5330 6269 4071 4060 4077 5795 5687 691 3743 6258 8462 4644 5587 3053 9115 1962 6619 7454 6786 7485 9666 7526 9040
50 6413 1905 779 4077 3743 3053 7434 6153 8837 502 4644 5330 6991 5825 9735 1042 7454 6269 8069 4060 8618 4027 6054 2962
51 3743 1905 6786 4060 3523 8342 7165 7485 6413 2085 83 4071 6859 3053 3153 3005 4077 1336 691 8040 5330 6258 8140 935
52 4077 7165 1905 8140 4928 7742 3005 4880 8618 6413 8949 3079 4407 8203 5038 4766 726 5546 7526 9244 6226 3100 3565 3417 4340 8462 6258 1956 7880 6054 7296
53 3053 7165 4060 3743 1905 2863 8140 6840 4071 5330 8549 691 7454 8040 366 9636 4295 8586 8618 6258 2666 4985 2962
54 3743 8140 3053 1905 1323 9115 4928 6258 6269 8342 4060 5330 6153 4295 8040 6075 739 1181 2183 8618 8386 2551 5795 5097 7742 8470 560 4027 6054 321
55 4077 1905 8040 4060 2331 5330 1032 9293 6413 8618 9398 9636 8586 9722 4880 4071 4407 1042 2537 871 450 6258 135 1625 935 5715
56 6413 6269 4407 7459 4060 5069 9636 8618 3743 3005 8140 1905 7165 10 8040 4340 2551 5330 4644 1042 6153 2643
57 6786 4077 5330 691 5069 155 8140 6269 7459 3005 6258 9688 3660 2790 3743 7165 2060 3547 5103 1336 5097 6413 2486 2331 5295 7742 1042 8284 9968 6613
58 1905 4928 8175 3523 8140 2677 4077 3565 6413 8684 7459 8342 4407 4060 6991 9610 6258 7949
59 4766 4077 3053 8175 1212 5097 8140 246 5069 10 2551 7165 9735 1042 1907 6075 1905 9040 296 6840 7742 2414 6258 935 3830 7413 7949
60 1905 4077 6269 6413 8618 646 4071 3053 4060 7165 3523 4362 8140 6213 2787 6075 133 4407 1336 5587 9408 6258 1728 935 9244 321
61 6269 6153 3005 6413 4407 5687 273 5097 9636 1122 4060 8618 9704 2183 246 3270 9265 7791 8570 6840 1905 7165 670 4071 1625 1583 4928 7762 2962
62 6269 761 3053 8140 3523 6859 691 1042 4060 6258 4027 4486 4407 4071 1407 1905 5546 5795 7791 1181 3005 3153 273 246 6054 3950 5038 935 7709 7413 7762 2962
63 8618 4060 1905 9636 4928 273 7459 1907 3743 7165 8040 5069 6840 3053 5687 2741 2486 1336 3005 790 7234 6258 1042 9244
64 8618 4077 3053 5546 6840 3523 2767 4070 8342 1323 6413 4407 3161 6786 6269 8586 1905 1181 10 7709 6054 935 2962
65 1905 779 6269 3523 9636 5135 2486 3743 5295 7165 4060 1956 9688 6413 5069 2537 652 8140 5687 8880 5097 6584 3982
66 4060 4077 4071 8618 6258 1905 7165 8342 3743 739 6584 761 10 2486 3053 2183 9610 1181 1042 4880 9593 4928 5069 1323 5692 8140 6054 4362 935 1496 2643
67 1905 7165 3743 4077 1323 8618 1032 6859 4071 8140 5330 4977 5103 9636 8040 5546 2608 3053 8175 7742 4340 1042 935
68 4077 3743 1905 3053 8342 6413 4060 7115 6859 2551 4391 6258 8618 450 2863 7048 3961 2767 5872 9722 6840 7454 2611 7880 9244
69 1181 8684 4060 8342 6269 3053 9115 8618 8140 8260 4407 3153 2863 5330 3743 4644 3523 6153 1956 6258 450 9244 935
70 3053 3895 6413 8618 8342 2551 10 5330 790 3153 3005 3743 2790 9256 6075 4644 6253 8140 1042 935 7296
71 6413 2863 8618 5330 3743 1042 4077 3005 5103 3547 5546 4644 3153 2677 3523 4407 8342 8140 2085 6258 4362 4340 6054 2327
72 3743 3053 3523 5069 6269 2060 652 9722 4869 1905 9293 8140 7526 8175 8618 83 7459 691 4071 1042 6258
73 1905 4077 3053 4060 8175 9636 6413 761 5069 6506 1323 2767 6786 7115 7791 278 1336 1942 6269 5097 1956 4071 8069 7285 6054 9244 2962
74 4077 1905 6413 5546 4071 478 761 2085 5038 9722 7165 6859 5872 4486 3053 8618 4060 779 511 1181 3417 5138 4880 246 3547 1042 450 8248 6584 8470 6258 4362 1625 8462 935 2962
75 8342 5330 6413 8175 4077 4060 1905 2767 6258 6213 8570 1042 2863 3053 8618 6269 1323 1032 5069 7165 7791 4070 9086 5097 1956 450 6978 7880 935 7296
76 1905 4077 5069 6413 4060 1042 7165 779 1181 6226 3053 8140 1323 7459 4340 2896 2331 1942 2767 1962 366 511 1625 935 3074 2962
77 4060 8175 3005 4407 1905 4077 4644 6413 3523 2551 8140 5872 4486 1042 8618 9704 3895 6258 183 935 7762 1668
78 4071 1905 6413 5103 6786 6269 5330 2279 4486 83 4060 133 3523 8880 8342 10 8248 7454 5097 2060 6332 247 4340 8618 1956 6258 935 321
79 4060 5069 1905 6413 6258 5546 8618 6269 3053 790 133 8175 6991 7165 3743 4821 2787 1323 10 4071 7742 3005 2790 6054 4340 6153 935
80 4077 6258 9722 3743 8175 1319 4644 790 1905 6413 4766 6269 3523 7082 6973 6075 7285 6054 1042 2790 935
81 8618 133 6413 7526 4077 6786 4644 2787 3743 6153 1181 4407 4070 6859 2608 1905 9735 8175 9606 7048 7762 935
82 8618 1905 7165 1407 4060 8140 4644 8342 7694 761 7526 5546 3053 8586 1439 6991 3523 9722 2741 6413 1042 6258 2643 8716 7949
83 6413 7165 3743 5330 4077 8140 4060 2863 2551 691 2331 779 9735 8586 3053 1905 3465 1780 1625 5295 935 2962
84 9636 5069 4391 1042 1905 3007 6258 3523 2486 4060 1323 246 7459 4077 6153 6413 2939 4636 6840 8140 9040 6213 4071 2643
85 4407 1625 5069 2331 9636 1905 2486 10 5546 2677 8570 8040 8140 8423 1032 3523 7454 1496 4060 2060 6054 7762 321
86 4077 1905 3523 9704 1042 691 6859 8140 4644 8342 4391 1323 3053 8618 871 5587 4060 246 8248 3743 2349 6153 155 935
87 4060 4077 6413 6269 652 6653 8342 4362 8140 5103 9636 4644 4100 8618 1323 6258 5825 6786 1032 1728 5097 6669 8203 5295 8069 7285 8284 7762 9244
88 1905 8618 6840 2331 7459 5097 4077 8140 3523 3005 6269 871 7165 4766 5330 2183 10 4060 5103 4027 2264 6054 2327 9968 7762
89 4077 1042 7459 9293 8618 4644 6413 7321 5097 6258 6269 1905 4060 4071 2263 3523 6991 4766 2127 4629 1796 4372 9688 1956 450 8462 935 5412
90 1905 6413 8342 4077 3743 691 8618 652 9115 1042 7454 5872 578 3417 7459 2741 7945 6840 6786 8183 7165 6258 2962
91 6413 3053 8586 4060 3743 1905 6786 4391 5069 7048 9688 691 2767 3005 6269 1042 652 9735 8140 246 5330 8175 8618 8069 5097 4027 7762
92 8342 6269 6413 9265 4060 3053 5872 8140 8175 4629 7165 6258 5069 5330 9293 3743 9735 1423 790 4070 7183 5442 1728 2790 6101 9244 935
93 4060 4071 8175 871 8140 4372 3743 1905 6258 5183 6786 2767 8203 9887 7165 8618 5069 4070 1625 1728 2335 450 3079
94 1905 5330 4077 4071 273 2085 4372 5069 3523 3053 7485 8040 83 779 761 691 8140 1181 6258 6786 4060 6054 935
95 4060 5330 7165 4071 2279 8175 4486 6413 2183 4077 2263 3565 779 7233 2767 6269 7742 6258 1625 4340 6054 7762 2962
96 1905 2767 4060 7742 1336 3053 7454 5330 6506 5587 3743 4407 6075 8175 5687 8342 1246 1289 7880 135 7055 935
97 4077 3053 8342 4060 3005 9636 1905 4407 8248 5546 8040 3297 3743 4391 8140 7459 6413 8175 4070 6269 6054 652 1956 7762
98 4077 779 10 6269 3053 7165 3523 7454 4644 2677 4766 4928 8586 8140 2183 4060 5295 1336 6859 6413 2340 935 7880 7699
99 3743 6413 4407 8618 1181 8342 7526 6153 691 450 4060 4330 5546 4077 9293 8140 5687 1323 6859 6702 4486 2279 1042 5412
100 4060 6269 4077 8140 5330 3523 6413 7048 6075 5103 3743 691 1905 3970 4071 4178 780 1323 287 5872 6258 6786 5097 2863 1625 935 7699 321
101 6269 7285 8618 2767 5800 4407 3005 4340 9636 8040 8175 9442 3053 7165 7321 578 5330 7459 1042 935 5715
102 1905 4077 3743 6269 3053 8618 4070 790 6413 5295 4060 6786 4486 4923 1181 2608 9735 5330 3417 7290 7165 652 5867 4667 6258 7434 6584 5038 5097 6054 3111 935
103 1905 3053 7459 2183 3523 7165 6786 2741 7234 1181 5103 8684 6413 6840 3743 8949 5069 3007 4574 246 4077 6258 8140 8248 2790 9040 1042 7880 9968
104 8618 8140 3743 4060 1905 9722 7165 6786 1323 8260 3895 7880 6075 2202 3153 5069 3005 9659 3053 9636 6258 5103 652 7791 4928 4340 2349 7762 935 7413
105 4077 5069 6269 3743 3053 6859 8586 8140 4060 790 6413 2863 1905 273 8175 3417 3766 4407 4071 2537 1042 2643 935
106 8618 5330 8175 4060 7165 3053 8140 6413 5069 8040 9040 3079 2486 765 652 1181 3970 1757 4880 6269 10 2925 761 8815 935 3012
107 1905 4060 6786 8570 1907 5097 2586 4071 8175 9606 2741 8260 6413 9632 1728 4295 1042 8203 9659 4928 3111 7709
108 6413 1905 4407 4060 5704 246 6479 4644 871 2085 5546 1728 4928 5006 4027 9408 5692 2741 8040 5330 450 9688 6226 1625 6258 9968 321
109 4077 1905 8342 3523 8175 2486 3743 5330 9293 871 2060 691 7459 10 8618 1181 2787 4071 6413 935
110 1581 6840 8140 4077 8618 6269 6413 3743 8175 6258 273 83 691 5546 3053 4766 8423 5800 1042 4880 7459 6786 4407 2183 4340
111 6413 4071 6840 2183 1905 4060 5872 4486 3053 8203 4766 691 5330 1323 7165 3005 2863 3523 7526 8140 6258
112 6413 2331 8618 1905 8140 3743 6269 3053 9610 8837 3153 4077 5330 3005 4060 246 4486 3188 1323 6054 1042 4362 6258 2327 4314 5715
113 4060 4077 6413 6786 2551 3523 4928 8342 3005 5069 5872 6153 278 8618 7945 545 1407 3743 6054 8069 935
114 8618 3743 1905 7459 4060 3053 4636 2767 5065 6840 5069 6413 1276 6266 6786 3950 5872 7290 4071 4928 2611 2486 9704 2274 5442 1042 4923 4985 813 6134 935
115 6413 4060 8618 4077 5330 6786 7165 5103 8342 7791 3005 6767 134 1905 9293 4362 2183 1796 1042 5687 8793 3743 2787 935
116 3743 6413 3523 4644 8175 8140 134 9398 5330 935 4928 3565 1905 3053 4362 2183 691 4985 2962 9968
117 4407 7165 6840 5330 6413 3743 3523 7454 5103 2279 5069 5794 3034 4880 6920 6153 935 7949
118 4071 3053 6269 1905 4077 8618 8342 4060 6413 2767 9636 3005 9659 5103 8586 3153 2787 1323 2608 5687 9606 9086 6258 7742 1625 8284 935 2240
119 8342 4077 1905 4071 6413 4060 3005 9636 8140 5330 7454 2537 505 2530 9521 7165 6786 3034 1336 6584 4985 450 4340 8462 1042 9244 2962 2240
120 6413 1905 8175 4060 3053 2331 7485 5103 134 6258 7742 6859 652 7234 8260 2767 3005 1625 8880 2787 9086 1042 935 2666 9842 5715
121 3053 8203 1905 3743 8342 2767 3153 3005 790 8586 6258 5872 5103 2551 9735 7454 4060 7165 8140 1336 1956 4071 2608 3079 935 5715
122 6269 4077 6413 3743 4928 4071 9636 7165 3547 5330 5103 3523 2863 4060 4372 2183 6153 133 468 3053 8733 4486 1336 246 1042 4314
123 3153 2279 8618 3743 4071 1905 915 5330 1181 4077 7791 6413 6269 9606 4928 5687 3565 6258 5546 6153 2643 935 9244
124 4060 1905 2767 3565 9636 7290 2279 6786 8618 6258 4636 9442 3743 7049 3297 4362 2060 1181 3007 5704 8140 7791 2643
125 1905 4644 6413 6269 691 9040 1042 8618 7165 4071 8203 3005 7454 7321 6840 1181 6258 4060 1581 1962 790 6257 2896 5234 4340 7880 935 3982
126 6269 8618 3743 4407 3005 5442 6859 246 5183 5069 273 5795 4077 4060 1042 871 1323 6226 2183 3153 366 6413 935
127 4071 3743 8342 7526 6840 5069 3053 6859 4407 7459 4077 5103 4486 6413 5546 5295 2060 4928 3079 3100 278 4923 273 6153 1728 7048 135 8140 2422 9301 2240
128 4060 1905 4407 6859 4077 6413 8260 6786 1581 5704 8140 1181 8342 4644 5546 9722 1336 3743 6258 1728 2741 7036 3053 1042 1956 6054 4985 9244 935 4314
129 4060 4077 8618 6269 4766 5069 1905 8040 7048 949 4071 3743 4391 578 3005 5330 5389 4644 7459 6258 5715
130 8618 4060 5330 6269 4077 5069 9636 4391 3523 1423 4071 502 7048 9442 779 2183 6054 1042 2327 935
131 8140 6269 6413 8618 1905 8837 4071 3153 2060 246 8423 1042 3743 3523 1407 4766 691 2551 6054 761 5795 4977 9032 935 6258 6547 2962
132 4060 1905 4070 1042 3005 7165 6991 1907 6269 3743 3523 2331 9688 5103 4077 5872 9735 8618 3895 6258 7949
133 1905 4077 6413 4060 2767 6269 2486 2331 691 2060 7165 2896 5687 8175 3005 4766 10 1042 6258 4985 9244 935 3894
134 4060 6786 6413 9829 8618 9735 6269 9887 6859 3895 4293 3053 4644 1905 3523 3153 6226 765 2060 6258 6134 450
135 4077 1905 4340 7165 2060 5069 3053 2608 83 6258 6786 8618 2085 4880 6840 7321 8203 949 6859 5546 6506 4928 670 7434 7082 8248 1042 935
136 5103 6413 8618 4060 4077 4071 5546 7165 5069 6269 761 7459 3053 3523 3153 4977 8342 1905 2787 1728 5330 3743 8284 4107 1042 1625 6258 4340 6613
137 4060 6413 4077 5546 8586 3005 4644 790 4880 691 8462 10 4362 8140 6269 3053 2279 8175 8570 2677 2327 2666 2962
138 3523 1181 8618 1796 8175 4060 4077 3053 6258 8140 3417 4667 4766 3007 3005 2677 8824 9115 4107 6054 1625 935 3894
139 6269 5069 3053 7048 652 9293 4060 4880 3523 4644 4027 1728 4928 4295 3743 1323 761 2767 8837 9688 4077 7165 6258 2962
140 4077 7742 3005 8618 1907 1905 6413 3590 8140 6991 2085 8203 9735 3523 1212 4407 5103 6257 1962 2537 4060 6054 6258 935 321
141 1905 3743 6269 7165 1407 6413 1212 4636 8140 6859 4407 7454 8586 8618 691 6258 4070 3523 4077 1276 7115 2962
142 5330 3005 6413 6269 2767 8040 3053 8140 691 6258 6153 5546 4340 4027 4684 4060 4928 246 4071 2279 7485 3153 5138 4077 5867 2331 450 1042 6547 935
143 7165 3743 3523 9115 6269 5097 7742 8618 6840 9636 5330 915 2767 5687 4060 8684 4071 1496 2790 7791 2537 6258
144 3743 5069 8140 6413 3053 7454 4060 5330 8618 5097 8554 7165 8175 4340 5546 7526 4071 7381 2060 7461 7791 761 4077 4717 1042 4928 935 7762 2555
145 4077 8618 6413 779 4178 2279 8260 5687 1042 1905 7526 3417 3005 9735 3565 4071 1956 7049 450 4362 6054 5715
146 6269 6413 3743 10 8140 5069 4077 9722 1728 4362 6258 5692 2183 8618 1276 366 9735 5330 739 7884 2060 6786 6054 7709 935 2962
147 1042 4077 691 4407 3053 4293 790 9735 2896 4071 3743 5069 9265 4644 9791 8203 5112 4880 4340 7049 7454 8618 4985 7880 9968 5307
148 6413 4077 3005 1905 4060 6786 3523 2183 5330 4071 779 2767 6153 4391 3766 4928 8342 4923 9398 2537 1042 935 2240
149 4407 4077 7526 871 6413 3523 6859 4060 8342 3743 779 8140 6786 229 8618 6991 3053 7049 4340 1042 7048 7762 935 9968
150 4077 7165 652 4486 7742 4071 5069 3743 5687 4928 5295 6413 6153 8618 3523 6786 1905 7526 4060 1323 4407 9735 3079 5704 2677 8140 1042 935 3074 2962
151 4060 4880 4071 691 8618 4644 6258 3523 5795 7459 4070 4340 8140 3188 3743 6269 2896 8260 4372 6859 8462 6101 7762
152 6413 3523 5103 4077 6258 2183 4071 3053 2767 8342 3895 4407 6786 4644 4928 6479 691 6840 6859 1181 1956 1042 8193
153 9636 8175 4060 8618 4071 2767 1042 3743 6413 4407 8386 6153 1625 1181 780 779 1905 2279 5795 4928 6258 2340
154 6269 3523 4060 5546 6413 4407 3053 2863 8618 8140 9636 3743 9610 6859 7048 1905 2790 6991 4766 6258 652 6054 935 321
155 4077 4060 1905 6413 2183 790 4923 5330 1042 8140 8618 2863 3079 6840 4486 9838 4071 7454 6257 8342 8175 6269 6991 8386 7285 4340 450 1956 2962
156 5330 4077 2530 8618 5103 4407 1905 6269 6991 8040 1181 8248 2279 2767 4923 871 4060 2085 935 6075 7285 5715 7949 2962
157 4077 6413 1905 8618 4071 4060 1042 6258 6786 1439 3743 450 1937 133 8470 8386 5295 761 4586 6653 135 4295 4667 4100 2335 2183 9636 6343 1625 7845 8716 9968 3894
158 3053 6269 1905 4071 6786 8140 9636 3743 7485 246 2331 2183 4060 915 9610 3523 1181 9646 1042 9453 3830
159 1905 4077 871 8140 4071 5038 4928 7165 7459 5546 3053 2551 3743 3417 3005 9636 3523 4766 1728 8618 5097 8069 935
160 4060 8618 4077 5103 8342 1905 6413 3523 8040 273 8140 4880 7165 9610 2060 9293 1042 5330 8586 813 3547 6258 6054 9968 2240
161 4077 5103 2183 4060 6269 8618 5244 8140 6253 4644 246 9722 1905 8260 7165 8973 9115 2863 8386 7285 7742 6258 935
162 1905 2085 4077 9722 8140 5546 472 8618 6840 691 2331 1042 9115 8040 4644 6269 5872 5103 3053 4340 6054
163 6413 9398 6506 10 1905 6840 1323 8175 3743 4407 4362 9408 83 4077 646 2486 2666 1625 6258 7285 7949 2327 935
164 4077 5330 1905 8203 4644 7459 6413 5389 8175 7526 8140 6506 790 5795 5546 7454 511 7285 935
165 1905 4071 4077 6413 8140 5069 3005 3743 7165 1907 3053 6269 9636 3766 4178 7454 8618 3970 7526 2331 4928 6258 935
166 6413 3523 4486 3743 1905 6859 6258 935 2263 7791 7165 7526 3926 2279 5244 5867 4027 8618 4077 691 9722 687 4362 2962
167 4077 2863 5330 6413 1323 4928 3743 8140 3053 1905 7165 4060 2767 246 4766 4407 8618 667 9636 8342 5097 9666 6054 4071 935 8462 1625 7762 5715 2962 321
168 6413 1905 9115 3523 3005 8570 1407 7165 6153 4060 3895 8140 691 1212 133 5103 6786 2085 4644 6269 6258 2962
169 6413 1905 2767 4407 4077 3743 83 4071 578 6258 8140 779 9704 6786 4060 2331 2721 691 1042 1625 3830 2962
170 4077 4071 3743 8618 5330 2486 4060 5546 6991 8248 10 4766 2060 5097 8949 3417 7742 1407 8140 7049 8272 4636 4928 9640 4340 6258 6054 935 9968
171 6413 5069 4766 3053 691 2183 5103 6859 9115 5442 2767 4077 141 4636 1905 3743 5330 2787 7165 6258 7949
172 1905 8175 8618 2863 6786 6413 7459 9115 10 8140 4070 6002 6840 5692 1042 2183 3743 7290 9398 7285 2327 6258 5715
173 3005 4060 1905 8140 3053 8040 8203 4077 6840 4644 6786 6413 6269 1181 7742 4407 7526 2551 3153 8342 2537 6258 5112 935 9007
174 3743 5103 10 2183 691 3523 8684 6054 6413 5244 1042 5330 1905 2790 8618 4060 4077 2863 4486 6269 4295 1956 9968
175 8342 9636 5546 8837 4644 4077 5687 6840 4880 9829 1181 6258 6991 4071 1905 2183 3188 155 7165 6054 6584 4340 9244
176 1905 6269 4060 1212 273 8140 1907 9408 4071 4077 6413 5330 8203 6786 8040 6619 3005 3743 1042 2608 1625 2962
177 4060 5330 8140 5069 8248 4071 4077 6413 3005 9632 691 3743 5825 7351 1956 1181 8586 3961 8203 478 9688 7049 6269 1625 6153 3153 4407 7459 3053 2327 6258 935 9244
178 1905 8618 3743 8140 5330 4077 2741 2279 6153 779 6619 4071 4869 3100 8342 4027 1181 1728 4340 6258 935 2327 2121
179 1905 6786 4060 3743 3005 3153 6840 6258 6054 5330 8140 2279 935 2767 7454 4071 2486 5069 3053 4027 6269 372 8481 6899 1625 1042 7880 7762 2962
180 1905 691 4407 4060 871 3523 6413 6786 3153 9632 4077 8175 1439 5097 3079 8140 9636 4071 790 246 4340 1042 4928 813 6258 8618 7762 412 7709 1668
181 1905 8618 3743 6413 779 2279 4928 1336 7165 4407 3153 4060 5069 83 1323 1181 4077 4391 2288 321
182 4060 2863 6413 8618 5069 4077 3523 6258 1905 9293 6786 7165 4644 8140 8586 3297 7526 6054 3743 5795 9659 3926 4071 2537 9244 5715
183 4060 3523 6413 3743 6269 1905 6479 4077 4071 5587 8824 3053 83 5069 5295 5330 4636 9722 5097 246 1956 6584 2643 6258 2962
184 3743 8140 1276 8618 5069 5103 4060 6413 9722 6269 8342 4928 1323 4077 2677 7165 3005 4071 133 761 4027 739 5183 5795 6075 6054 8947 9265 8069 1042 6258 8284 935
185 8618 3005 4060 8175 4077 3153 4407 3053 3743 6991 1905 2202 9115 7454 779 4070 4880 7048 79
186 4060 3743 6269 1905 6413 2767 949 3153 8837 5103 5330 6258 2608 3005 6840 5795 1407 6619 5546 4340 7762 935 7880 6101 2962
187 3743 4060 7459 5069 8140 4644 4071 6840 246 4928 8175 779 6413 6269 2677 8203 3053 2486 10 6258 935
188 4362 4644 9636 691 8618 7459 6786 1042 3743 1439 8714 7680 8175 5687 9829 7434 4060 4407 2349 6054 935 6613
189 5069 3743 6413 4060 4407 7285 2767 5103 3523 4486 4781 10 1907 6786 8140 726 3895 1583 3053 935 7949
190 8618 6269 3743 7165 4060 2530 9115 2183 1407 5330 3547 278 2767 6859 7253 3079 6479 9395 7048 1625 9244 2240
191 1905 6413 4077 4644 8618 3565 4060 4880 6973 8140 10 6519 6269 1032 7526 3743 8837 7165 1942 6153 6258 2327 7296
192 8140 3743 4060 7165 6269 4407 8175 6840 1905 8618 4644 5330 6153 7526 5097 7290 1463 4766 7321 450 4340
193 4060 1905 6413 4407 9636 6269 7454 2183 3053 3743 7385 3766 4077 2863 5069 9395 9040 7694 652 765 5103 4486 6054 1625 935 9968
194 6413 691 5069 3005 7526 6840 7048 4060 7485 6269 4362 1212 7454 4330 7461 2767 6808 9606 652 4486 1042 8618 3053
195 1905 4070 6269 6786 8342 4060 8618 1407 4636 2060 5103 2183 3188 652 4077 4858 8175 3547 5295 4362 9115 1336 4407 6258 2741 1042 2962
196 4060 3053 5038 6269 5069 3743 8837 8140 7459 6413 83 2183 646 10 1042 5330 6153 5546 8570 4077 3523 5872 652 4027 7285 761 8284 6054
197 4060 1905 2279 6413 8140 6786 8040 1181 5069 7165 5103 3895 8743 2741 4486 3743 9722 739 2183 6153 1625 3053 9301
198 8342 8140 2863 4928 6269 2767 8618 4407 1042 790 4636 6786 2183 7526 4077 3053 4362 4071 5244 1181 1407 4828 3153 9636 6413 8462 6258 6054 935 1625 321
199 3743 7526 5687 4644 4407 8140 9722 6413 3523 4293 4880 2279 6269 7485 1625 7762 321
200 6269 4060 1905 5330 4928 2183 4071 2767 5546 2279 9293 3743 1407 5872 915 8175 8140 1042 4985 7762 935 9007 2962
201 8140 8342 1905 3743 8618 4077 6991 4060 7454 9735 3007 2608 9521 8973 2611 6258 7459 7048 691 5330 5069 2551 5687 6767 6920 6413 6153 2643 3830 9968
202 6786 4060 10 1181 3005 3743 6584 1336 4486 4071 372 9636 7454 6258 6413 2767 1042 155 9115 1323 2127 761 5125 5546 4070 935
203 6413 7165 1905 4071 3005 4060 8618 8140 4077 3743 1336 8175 2263 1042 5872 9722 5069 1581 4928 2274 3053 1407 2787 6054 3547 9265 5715
204 6413 8342 7165 4407 2279 4060 7742 2787 1323 8175 5103 8618 1407 8140 3053 8586 4486 3743 4928 935 7762
205 6413 8618 4071 2767 1942 6258 4391 4644 7742 5069 6786 4667 4407 133 6859 9688 3053 1581 1905 2085 915 8686 652 2537 1956 7880 8423 7055 935
206 4486 6054 1905 6258 4077 8618 7165 5244 3743 3005 3523 6213 4060 6269 4928 6859 6413 9636 8462 6653 1956 4340
207 1905 6413 691 4077 7454 3417 1032 5546 6991 3297 2279 8175 3743 7165 4070 6269 7048 3053 6258 9968
208 4060 6413 8618 4928 4077 4644 4486 7165 8140 726 8586 8342 3005 3743 8040 7485 246 790 8481 6786 7461 949
209 4060 6413 691 5103 2183 6991 6269 8140 8618 3547 5330 4071 1042 4077 6786 3523 7454 7165 278 7526 9115 4486 9688 3100 8386 4824 6258 935 2962
210 6413 2767 4060 8342 4077 5103 915 2183 7165 2279 1032 8203 3053 1905 3547 8481 6075 5069 4340 5097 6258 6054 2962
211 8140 6413 8618 4060 5330 1905 3005 5872 6054 2767 8881 7165 790 761 6258 4293 4077 6269 8284 1336 9606 652 7526 8342 8462 4407 935
212 1905 4060 8618 4486 8342 6413 2741 6479 4077 6859 6258 1796 3523 9632 3005 2787 5546 6269 9887 1407 1042 8284 935
213 4060 5546 3523 1042 1181 3743 5069 2741 1905 4077 1122 7434 6413 1212 3053 9636 761 6295 141 790 7880 8140 4362 935
214 4060 6413 7165 3005 1407 2279 4071 9636 790 7459 7742 4162 9265 5097 6991 4077 1042 4362 6295 8248 450 5330 8140 246 4340 6258 7285 1625 9244 6584
215 4060 4077 4928 3743 5330 1905 7459 9293 4486 3005 5295 4869 5069 4071 2741 7457 3188 2335 3547 273 8140 6153 935 9244
216 4060 6413 4644 6269 9704 133 2787 3743 9838 6991 4340 2863 1905 5038 4071 7485 2331 5097 2279 450 7762 935
217 8618 1042 1905 4077 652 83 8342 8586 6786 8175 6269 4644 790 4684 9636 761 273 5295 4880 6054 6258 935 2327 9968
218 5069 3743 8618 8069 4928 4407 3565 6269 4060 1905 5330 8175 6786 8140 3417 6653 5295 7454 9398 9666 3362 9659 935 6258 7949 2962
219 6413 6258 4077 3053 273 1042 4636 2060 450 2183 8175 7049 4060 7526 5065 10 83 7126 9256 4391 9688 6213 9632 5815 8342 7742 4340 9265 2643
220 6413 4060 8618 3743 3005 1905 1323 1181 8586 9040 578 4407 8040 646 1407 7048 6786 6258 7945 4071 6054 935 9968
221 6269 6413 1905 8618 8140 4060 1042 5872 4077 6786 1181 4766 7049 10 4100 2863 3523 5125 7048 691 9636 1956 450 2790 979
222 7165 6269 4060 8175 8140 4077 9735 2863 5872 6413 3743 1905 1407 3547 2060 2183 4071 2767 4880 7526 6103 1042 6258 6584 1625 7296
223 4077 8140 790 3005 3523 8837 1905 6269 8586 6153 4644 6991 4821 1407 691 8618 9244
224 6413 4060 4077 4928 6767 5546 1905 1042 8342 7742 8586 1956 1059 4486 7459 5069 3417 8720 6253 7165 2274 691 4340 6258 5445 2327
225 3743 4060 4644 8618 6413 5546 3565 8175 5069 1496 3053 7485 83 3523 4071 6859 8040 7048 6258
226 5103 779 3743 8618 5795 6269 8140 6786 4060 3053 7454 2264 6859 3547 9735 2863 8175 2486 134 6840 1905 4071 2790 6258 1625 7709 7762 2962
227 4077 8140 8837 4060 1181 1323 9636 4644 3153 8175 8040 2183 9040 790 8203 4362 4407 2486 207 4928 6258 4314 2962
228 6413 3053 3005 691 246 8342 9722 9115 652 8837 3743 2863 7165 6269 3153 1905 2085 5330 5069 5103 8069 4407 9688 935 9968
229 1905 6269 4060 6413 9646 6859 7165 6840 6786 2279 4077 8618 9115 9593 6258 3547 4486 7694 4071 9666 691 6991 3417 6054 935 9244 5715
230 7165 4644 1905 3743 949 9735 6269 5442 2787 3523 4060 4077 6840 6295 5546 9704 9115 2183 9265 6258 9968 935
231 8342 5069 8618 6413 7165 8586 1905 2551 273 4077 4644 1042 1407 8175 5872 4071 4760 8140 6258 4060 6054 935 4340 2327 9968 5715
232 4060 2331 6413 1042 5330 691 4340 1905 6786 2551 1336 5069 5546 7165 4880 7454 8618 1942 4928 2608 3053 9829 652 7048 9722 4071 155 9086 135 8462 6258 6584 5715
233 8140 8618 246 4060 5069 3053 4928 4077 6153 6991 3743 691 9636 4027 5546 6269 2183 1323 4362 3961 7526 8040 6075 8570 7459 7340 670 9704 2643 6054 935 9968
234 4060 4077 2767 5097 1042 2486 4486 691 5587 2331 2787 790 3053 4766 2863 8175 2335 2741 8140 3700 935
235 1905 4060 8342 6413 4077 1181 5069 3743 2551 7485 5103 3053 5872 6258 1728 3005 9040 652 2279 790 7321 2183 8733 2608 1042 935 2962
236 8342 3053 8140 6413 4869 3079 1905 652 4644 7459 8203 8423 1042 2331 8040 8686 7183 8618 4027 3565 6920 761 6101
237 3743 7165 83 5295 9636 8342 6859 1905 4077 8203 2331 3053 6413 8618 5097 1407 4880 691 935 7699
238 4077 3743 9735 8140 4407 1336 5295 4766 5244 790 6413 1042 935 8203 5183 5308 135 8175 2183 9646 6054 1625 761 8618 6258 4340 7296 2555
239 4060 6413 6786 4077 9636 6653 6840 1905 3188 3743 3053 3005 4071 691 2741 3523 3895 7115 1042 4362 6258 935 2962 2240
240 5103 4407 6786 9115 1323 7165 8140 8618 8175 4060 1181 3005 239 6413 4077 8040 4766 2767 3743 1423 4928 4027
241 6413 1905 2331 790 6258 9636 2486 6786 4060 1042 4071 3005 5872 8342 8586 6269 9632 3895 8140 8554 8815 1336 5546 6920 2327 9968 79
242 6413 4077 7165 3005 9040 4071 8140 6153 8342 4407 5295 1032 9636 4060 1336 2279 691 7454 9735 4717 6130 6269 2767 3582 790 7285 7880 9301 1668
243 4077 4071 3523 4060 1905 7459 8586 2741 3297 6269 3743 6258 6413 4880 8203 8428 2183 8618 5183 3153 5815 7434 7791 8462 9244 321
244 6413 6786 6258 7454 4407 4077 5546 4060 9265 3895 4070 2202 3523 3007 7742 1042 3743 9115 3188 8203 10 8618 8586 2962
245 4060 1905 6786 3743 6258 7434 2183 246 1032 4071 1907 2551 8203 9829 4077 3053 5097 3034 578 6413 6269 4340 8618 6153
246 6269 5330 3743 7165 6413 949 1905 9722 2486 9115 4766 1181 5103 4391 2060 6153 8618 6840 2183 4077 468 5069 7454 3113 1042 4340
247 3153 3523 6269 9735 4077 5103 8260 9636 2183 3743 8618 3053 1796 7454 8040 7165 5795 4717 7459 5069 4340 4071
248 3005 6269 5330 8140 6413 7165 3743 8618 652 1905 7459 7742 8342 4644 246 5103 3895 3547 4372 8949 7526 4486 6258 4340 2327
249 6269 1905 4077 4071 6859 8618 4362 4060 8175 3053 3743 1212 5069 8248 3153 8140 5244 6258 7165 4295 6413 1336 3547 4486 6054 2643 935 7949 7762 3074
250 6413 8175 4060 9735 6269 1905 3005 2608 1042 4071 3743 3523 4407 2863 9646 3766 3961 9398 4486 5872 450 2085 4340 6258
251 4060 7165 3053 6413 2183 8140 5069 3005 133 6786 9636 2279 790 8260 6269 4766 6653 4077 4372 9593 780 8618 2790 1956 6258 935 1668
252 4060 2183 4077 1905 2551 7165 8175 8618 8342 7459 6840 2767 652 6413 3005 8844 6786 9636 915 4923 450 6258 8140 2340 321
253 1905 3053 8140 5330 6213 8618 4407 779 4766 8175 8342 2331 4077 133 2790 6269 780 813 1625 761 6153 7296 6054 9968
254 3005 1905 8140 4060 761 7459 3743 1581 8618 6413 1796 1212 9688 691 6269 3970 8040 7694 1276 3153 3895 6991 1336 3297 3053 7454 1042 2327
255 5069 6413 4077 8618 4928 3270 8570 2863 83 4060 3563 8586 5330 7048 9610 9636 2787 9688 691 6258 6134 1668
256 3053 4060 1042 8618 4077 9632 3743 2767 9636 1905 3565 6258 273 6859 3523 5069 7165 3895 7791 4071 935 2643
257 4060 1905 1907 3523 4077 3743 6786 6269 7165 8342 3005 2331 8175 7459 3053 9722 6258 1042 6584 7949
258 4060 1905 5069 6786 4077 8140 761 3523 1276 8175 6840 1407 5103 6269 7048 8618 3007 133 4391 4340 1956 2422 2962
259 4060 1905 8618 3743 4077 6786 5330 4644 4362 5069 8203 761 8743 3895 9408 6258 949 8216 6054 1956 511 9265 2643
260 6413 3053 8342 4486 8618 1323 652 273 761 6258 2530 4060 2863 5795 5546 4574 3153 5069 6269 5103 779 4340 7742 2666 450 6054 9453
261 4077 4060 6413 6269 3743 691 1181 8140 8618 765 949 3970 3547 2060 4644 8203 9829 3053 6258 2183 790 10 5687 4407 7048 8069 9301 2240
262 4077 1905 4060 6269 6413 5330 6991 3188 2767 6786 4644 3523 4407 4636 4340 691 6840 6258 9265 511 935 2962 2240
263 6269 3523 1905 5330 2183 4060 5069 2767 8342 246 4071 3153 8586 3743 6786 935 8260 3005 5795 6258 7791 6054 9244 2962
264 1905 6786 4060 4070 8140 691 8618 1336 5295 2767 8175 5546 3743 1042 7454 3005 3523 6413 9636 5065 4077 4340 9086 7791 6258 183 2666 2962
265 4077 4060 1336 1905 6413 3005 7485 9735 6506 3766 7165 6786 6840 1907 4644 4636 4071 1042 9704 8618 4977 1942 6258
266 6413 1905 5330 3005 4077 2767 2551 3264 7165 3523 1042 9086 545 1323 8423 1407 6226 511 935
267 1905 4060 6269 4071 646 141 6075 4486 6153 3895 6413 7654 2863 8175 5103 4362 1042 1323 1496 6213 1181 761 8069 8618 4340 6258 7285 2643 7762 3982 2288
268 4644 1905 7165 8140 2863 6413 6258 3005 1042 1423 646 9115 3 9636 7048 4060 8837 2608 6269 5103 7321 7285 8284 7709
269 4071 4077 6269 1905 4070 3005 5103 6413 4644 6258 8175 4766 7048 1042 4928 9606 739 5913 8140 5442 8183 4340 6054 7413 6613
270 8618 4060 3743 1905 6413 7742 5103 4077 790 7165 450 6840 1181 2787 5704 2863 3417 2183 7285 4644 1323 6075 7454 6258 7049 1042
271 3523 6269 1323 4077 8618 2767 3743 3005 5103 1181 8342 5097 667 3053 4060 9442 5800 2925 5546 2486 1625 8140 450 935 9244
272 6269 3743 5069 4407 8140 4077 2183 4928 4060 6840 5103 8175 7048 6295 9722 4295 6153 3417 1905 9640 4636 4027
273 6413 7165 7321 8618 8140 3743 5244 1042 8175 7115 3188 7526 6506 3079 133 7694 6258 6213 8176 1496 4977 7485 2790 935 5715
274 8618 4077 6413 1905 5330 4060 3153 691 4486 3743 6153 4293 6269 6840 3523 8824 8140 8342 545 6258 761 2962
275 6413 4077 1905 790 3053 691 5330 3005 4060 2183 6786 83 5872 2551 8586 3079 2939 4407 8428 5097 5069 4923 6226 8140 6054 4027 6258 2643 2962
276 3743 1905 7459 4407 5330 8203 2863 8140 6859 790 2608 3523 761 2896 4923 6413 3053 6258 4070 4060 4071 450 8618 7055 2327 935
277 8618 4060 1905 9636 4071 6786 2486 4077 3743 6413 6767 5872 761 8342 1042 3523 2183 790 3113 2608 4644 9646 6269 3111 6258 4340 1496 5715
278 8618 6413 1905 4644 4060 4077 8837 4486 7526 2331 6767 7285 7165 6054 6786 6258 505 2741 6269 2787 7048 2183 1496 1042 450 935 2288 2240
279 8618 4060 4077 2787 9593 1323 7742 5692 2767 7165 4362 6213 9115 5687 6840 3743 8342 1905 7553 6269 6258
280 1905 4077 6786 5546 4060 4869 7165 4071 10 2183 6258 4362 8618 4821 790 3743 7049 1042 2741 8549 8248 4407 3895 7459 3053 2327
281 8618 6269 3743 4486 2863 4928 4060 5097 5069 790 6413 8140 4407 1407 5800 7165 4077 1276 6840 3895 7880 7459 6258 4629 1336 7285 1625 9301 935
282 4071 8618 4060 5097 4077 6413 7165 6269 578 1905 1323 5069 4644 7742 2331 5103 691 7048 3743 4766 6054 8140 2060 2121
283 4060 1905 4766 4077 2279 6413 4295 6840 9636 8140 6786 5069 1042 4071 3743 4340 1336 5330 9293 5546 7285 450 2790 935 6134 6258 321
284 1905 3743 871 4060 4077 3053 6269 9115 1407 4362 8040 6413 6258 5103 8140 5692 7165 5069 2863 5795 691 3005 8618 4340 7880
285 3153 8140 4077 1905 8175 6269 5546 3053 7459 8203 8618 1032 3743 1042 5687 6153 9408 7884 7454 6786 4340 4985 2327 935 2962
286 6413 8342 4060 4077 6991 5069 7165 4071 4295 8175 1905 652 3053 8586 3417 2202 3005 6859 8618 5038 450 780 1042 6054 2962
287 4077 1905 3743 3523 3053 4060 8618 4071 1323 7884 7165 9115 4407 6413 4977 1042 646 9265 8837 3005 8140 761 6153 9040 1252 935 1496 6054 6613 7762
288 4077 1905 3053 8175 2060 6413 6266 6786 7165 246 3523 8140 8342 2279 2939 6258 6153 3743 6054 4071 9244
289 1905 4077 6413 5872 8140 9636 6619 4644 4060 6840 8570 9115 7459 2060 8040 2741 7526 246 3743 2183 5546 6258 935 9968 5715
290 6413 4060 4644 8140 1905 7285 4077 5546 133 646 4928 3743 9408 670 5867 1181 4340 4407 6506 2085 6153 4071 1757 450 6258 2327
291 6269 4071 4060 5103 4077 5546 1905 739 2530 8570 3297 8618 3523 7165 5687 7454 4362 667 6978 6153 4340 7285 6258
292 4060 6413 1905 3523 8618 3053 2767 578 4486 3005 5546 6269 5069 4880 2863 2741 9636 761 7485 6258 7762 2327
293 4060 8618 4407 3743 6786 1323 4928 5795 813 4295 3417 2183 5295 1181 3565 3970 6413 5330 4869 1625 2611 1956 935
294 1905 4407 8618 3743 6413 7459 6840 9040 5069 3417 4060 4629 790 5964 1042 1336 6786 4636 7454 6002 8342 7526 8140 7880 3079 6258 2264 2327 7762
295 2863 6269 8140 8175 8618 1905 5546 6840 7165 7036 3547 6258 3005 4060 3053 4928 3743 1423 691 7454 6859 4880 6153 8040 6413 5097 450
296 3743 1905 6413 2183 1323 4070 4077 779 7165 5795 6075 4928 8175 1181 3547 7459 4923 4060 8618 4766 2486 915 7742 935 6258 3894 9007 5715
297 4077 4071 9115 3743 5103 4391 5330 6269 7791 1905 2767 4060 8175 4340 6413 3153 1323 1942 6786 6840 4985 6258 7880 1042 5715
298 8618 1905 4060 2767 1181 4644 5097 2183 8140 4407 3743 6840 5038 2331 7165 6266 6075 4977 6413 5295 6153 6054 2327 935 3074
299 1905 4077 7165 2331 6413 4060 2767 9735 9606 790 8175 5069 1042 4977 4407 1907 6258 7459 4071 4985
300 8140 5330 1905 4060 691 8586 6269 1423 3743 4293 3523 761 6054 6519 9722 9636 1956 4340 6258 935 6134 7296 5412
301 3743 4060 6786 6840 3895 6413 4407 2183 6269 7791 5330 8618 2767 3523 2863 2787 8140 133 8203 7285 2608 4027 4362 6258 7880 9244 9007 935
302 4077 4060 8140 1905 8618 4071 6351 6413 6991 5069 7459 691 5546 652 3743 2183 9735 5474 8342 6506 8586 5795 4407 3005 1042 4717 9659 6258 2327 935 7880 9244
303 4077 7165 8140 6413 5103 4060 8175 1905 6258 3100 1728 8618 273 1181 5687 155 9606 3417 6653 1042 5097 8684 4027 6054 2962
304 8342 3743 9722 652 3005 2279 2767 6991 4071 6669 4060 578 5330 5295 4644 6859 935
305 4077 1905 9293 6786 8837 6269 5330 4644 6840 4486 8040 691 141 4071 3895 8203 8880 8342 4060 8618 935 1042 6258 6054 4985
306 6413 1042 4060 8175 4077 6253 5097 7165 3005 3743 5103 4295 6153 6479 8140 790 9610 1336 5069 8069 6054 2962
307 1905 6413 1042 4077 9688 3153 3053 3005 7791 3743 2331 8175 133 8618 7459 2279 4407 2085 6075 8570 2741 8140 8069
308 1905 3523 1323 6269 5795 9722 3743 7742 5069 4486 5330 8618 2863 3053 4362 8570 4407 10 450 1059 4071 6258 7285 7762
309 1905 4077 4060 8342 6786 915 4071 8203 6859 652 7165 1212 4027 3743 5330 779 9115 761 7880 133 7082 3113 6258 8462 450
310 3743 8618 2767 5103 1905 4644 1042 3034 9636 6258 5330 4178 3188 8140 6153 790 6767 4060 4071 1625 935 9244 79
311 1336 4060 6413 8586 1905 6859 4077 691 3523 6991 2551 3005 7048 9688 9115 8720 6786 1439 6258 3079 8711 935
312 6413 4644 1905 4060 5330 3053 8342 3743 6054 4330 2677 2060 3297 7461 1336 2788 6258 1956 3842 4362 2327 2962
313 4060 4071 1042 1276 1905 2331 2787 8342 6413 8140 7165 83 5183 2939 6859 2863 7742 646 7115 8462 6258 6054 935 9244
314 1905 4060 3743 5330 790 9735 5546 8203 2721 7165 691 6258 4077 5069 3005 4293 3523 1042 7880 7413
315 1905 8618 4644 3284 3270 8342 1042 2060 4077 7454 6413 7461 4071 4060 273 7165 8140 5330 5872 5103 5509 7055 4362 6258
316 4077 1905 4060 5330 9115 7459 4071 5103 4644 3053 9636 6413 3895 1625 8618 3743 5587 8570 2741 8342 8284 6054 935 7762 5715 2962
317 6413 8618 4077 1905 3053 3153 6786 739 4486 4060 3743 7165 4766 9829 246 7454 2486 8342 6269 6859 8824 4923 10 6258 4928 5097 6226 761 2962
318 3743 1905 4407 8618 5069 4060 4977 1181 6258 4928 2677 1042 8175 5330 4880 5546 8140 2611 4071 3895 4644 6153 2327 79
319 4060 5330 6859 3523 1905 691 4340 134 6269 9593 7459 4766 3053 7526 5069 4077 1796 3297 8586 6258 2422 2327 6101 321
320 3743 7165 5330 4644 4060 8618 1042 6269 3523 1905 4077 2767 6840 3153 5103 3297 7454 1956 4340 7949 9968 5715
321 1905 8618 4077 6413 4060 3053 3005 7454 8342 6226 5234 7165 6840 6991 5069 949 4071 9606 1728 1042 4629 4928 8837 8981 7234 7694 9040 2085 6054 935 6613 1668
322 6413 1905 4060 5330 8140 3053 3743 8040 3523 9040 9610 8618 8342 5546 7694 8203 3153 4071 9704 8684 7165 1042 9968
323 4060 4077 4071 1042 8140 2486 1181 7742 8618 8175 4880 2060 7321 3053 915 4869 8040 6413 1625 505 1323 9659 3415 8342 4362 6054 935 4340 6258 2327 9244 3982 3074 7762
324 2183 2486 6786 3743 133 4362 4407 8175 4077 8203 7048 1042 5330 5795 6991 3188 2060 8140 83 273 6153 5097 9007 79
325 6269 6413 5069 4060 3743 1905 1336 1407 134 790 4928 915 8618 2486 8140 5872 5330 1059 4071 9666 7459 8342 4717 6258
326 4407 5069 2767 9115 3743 1323 6786 4486 4060 7742 4071 1181 4077 7165 3523 2060 5795 10 646 8618 6258 1042 8566 8428 183 1625 935 9244
327 4060 3743 8618 1905 5330 4071 4077 3005 1907 6786 1323 5069 6269 6413 6266 8949 2863 4362 8140 7385 2486 1962 1728 1042 6054 7762 935 3074
328 1905 4060 6269 4077 5546 790 8342 8140 6413 2677 3926 4644 2551 9722 7434 9610 3523 9551 6153 8248 761 6258
329 4077 4060 5687 6991 6269 7742 6413 3153 8140 3743 1905 7459 5795 7791 4644 1336 2486 652 8973 2202 3005 6258 9398 4941 6584 4027 8431
330 4060 6269 10 6258 4071 2767 2863 6786 1042 3053 3523 246 5097 5183 1122 7454 4077 5795 3895 9791 1905 9666 4928 4824
331 6413 3523 7165 5546 6767 8618 5103 3743 3153 3003 9636 5069 4077 2060 7791 4644 7526 4060 6269
332 6413 1905 4077 3523 8342 8140 9636 3005 4071 9593 6269 6767 1336 4060 4766 8618 4636 2741 7165 5330 1942 6258 6786 2060 7949 3894 79
333 3743 1905 9688 4407 2279 4077 871 3153 6258 8140 5097 6269 7082 5069 4060 7742 6683 1042 7285 5125 5103 5546 9722 8069 450 9083 183 8462 7791 6584 6153 4340 1625 9244 9968
334 4060 6269 6413 8342 6840 2183 5330 691 6258 8175 5069 2586 1905 7115 3743 5244 7048 7742 6786 7049 2327
335 3743 4060 8618 1905 6786 4407 8203 8342 2767 4071 246 6859 3053 5069 3153 6413 1942 2551 8837 7165 6153 4077 8880 8140 1625
336 3743 6269 4077 4060 7165 3153 4644 8618 6413 2863 646 4340 4071 691 1181 5069 2060 9735 8203 9610 2537 9293 3053 450 8140 9688 6258 761 1625 935 7762 5715
337 8140 3005 7165 8618 4667 4060 2551 2060 3153 4295 6258 5069 9636 1905 6332 6153 8880 6343 1323 8342 1907 9722 3053 9244
338 8140 4060 8618 5330 1905 6269 4362 7165 6413 2863 5687 578 4077 4070 3743 7454 4071 2060 312 6054 134 6786 2486 2183 6101 935
339 1905 4077 6258 3743 6786 8618 3053 2060 9115 6413 4060 5330 2767 9610 5244 133 3005 7321 8684 6226 8140 691 5795 4340 8069 8462 2327 935 321
340 1905 4077 4060 7165 6413 8175 5069 6859 1728 1181 4070 761 9115 4407 5546 2767 6269 8462 3547 8140 5692 6075 1042 1323 6153 4985 1625 935 7762 5715
341 3005 5330 4060 4407 6269 7459 691 4071 7165 6413 8040 2085 2183 4923 1905 2863 505 9265 8140 9722 1962 2721 1407 8618 3895 7055 6258 7762 7296
342 1905 8140 3005 6413 2551 4060 3079 7526 8175 4880 5898 9115 9722 3895 3417 8618 1042 7165 6226 1212 2060 4071 9086 4077 652 6258 5715
343 5330 8684 4077 6413 1905 6258 6269 4060 8140 1122 4644 3270 3743 5687 3153 5069 6991 2239 8248 8618 4928 1625 935 9968 1668
344 1905 4060 670 6258 4077 8140 691 4928 8462 2787 2741 246 6054 5069 2085 2767 9115 5687 1181 6991 9640 3053 8684 9301 5330 7459 652 761 1956 7880 3758 7709 7762 321
345 4070 4077 1905 5546 8175 4407 8618 3053 6269 3153 8040 4060 2787 3743 83 4071 1407 8203 133 935 9265 7126 6258 6054 5715
346 1905 1042 8175 2183 8618 2767 4060 9636 6413 6991 3053 8342 7454 8203 2787 2279 8854 5097 4362 9265 6258 1956 2962
347 3743 6413 4486 1042 4060 6269 5069 3053 5872 9115 7165 6840 2279 4071 3895 5795 4667 1407 5546 4340 4070 6258 79
348 8586 8342 3523 4071 9610 9722 9636 6269 2767 790 646 4644 6413 7048 7285 6258 6786 1042 6153 321
349 1905 5330 6413 3743 3523 4060 4644 691 511 7234 9735 7742 8618 1276 3079 7012 4880 5069 1336 2741 4077 7459 6075 4027 6269 935 9968
350 6413 8342 2767 4077 4644 1336 246 9636 6991 3743 790 1905 8140 2939 8981 6269 6153 5097 4362 5295 8462 1042 8428 8470 6258
351 1905 7165 4077 8618 3743 1407 4070 6413 4060 8140 6258 1042 9722 6054 4574 4636 8175 6269 7290 9666 9636 2863 670 2183 8069 1625 935 2962
352 6413 3053 4060 6786 1905 8618 6269 8140 6258 3005 7165 5183 2551 2060 1407 1336 646 5097 5587 7459 8570 2787 2537 4923 6054 2327 7762 2240
353 8618 5069 3053 7165 6269 10 4880 8837 273 5103 2530 4071 246 2486 9735 133 4928 4060 8203 3743 4407 4077 2790 8140 1625 9968
354 1905 8140 8618 4060 3743 2863 1181 8175 4071 133 2279 691 6269 3153 4077 4362 4928 9735 6413 6506 5687 6258 2790 6153 935 5715
355 3053 3523 3743 4071 6413 4060 4407 1905 2279 8618 4178 7459 6859 9115 779 6269 4574 6250 6258 7055
356 7165 6786 3523 3743 4486 3005 3153 6413 2551 4362 739 8342 3053 1905 2863 8570 8618 1181 4070 1042 2962
357 6269 6413 4071 1905 7049 1728 4407 3743 5103 8140 2331 7165 8618 4060 6786 1625 5704 5097 4077 1407 6266 726 2183 3 7048 7742 4340 8183 6258 4985
358 3743 6413 8618 7459 5795 1905 9704 5872 1407 6767 4821 1042 4766 4928 646 6269 5546 4060 765 9636 8140 6258 9968 6054 935 6101 2962
359 4060 6840 6991 691 7285 9722 6413 8140 5103 1336 7454 4486 7459 2863 246 646 2060 8618 5330 4766 4391 5687 6153 935 6054
360 6413 4060 2767 3005 9636 9115 4077 3743 8618 6840 7454 4636 2863 8570 4071 6153 5687 7459 6786 10 4066 246 652 5546 6258 2643 4985 6613
361 1905 4077 8140 1042 3005 6269 8684 6258 7165 3743 2085 83 246 8175 2530 4071 4928 3465 6051 8837 5546 9735 9968
362 8140 6413 5330 8175 273 4644 2863 1905 5069 4060 8618 4407 9722 9636 2486 6054 4077 3053 1042 7049 9688 6258 2327 2962
363 6413 3743 7165 2279 8140 5069 4071 6153 8837 3188 2183 2530 7234 1323 3053 9593 2863 8618 2608 1907 3005 8183 4340 6258 9968
364 1905 5103 790 4060 4071 3005 1181 1336 6269 5069 6413 4486 5183 8140 8175 4391 1276 8618 7459 6786 7165 6258 935
365 1905 4077 8618 6413 8140 761 4060 7165 6054 3005 3053 3523 6258 935 4070 1937 9688 949 7791 4766 5546 1181 7459 5103 3417 6269 8743 2183 1956 2741 4923 8284 1625 9301 6547 3982 2240
366 8140 4060 6653 1905 9636 5295 4644 3743 6786 5330 4071 667 790 5183 8040 871 1542 6258 935 7296
367 6413 8618 8175 1042 3743 83 7165 4362 9040 1294 1905 4077 2183 8170 9704 8586 8570 3079 790 2486 1581 450 2327 2962 79
368 6413 4060 5546 3743 5103 8342 1905 7048 6258 2863 3264 8586 6269 3053 1642 7945 8618 2183 1042 7165 2202 935 5474 450 7880 5715
369 3053 3743 4880 4407 9293 4928 4362 3188 1423 8248 1122 6269 9636 1323 3523 2787 7253 6413 8880 935 2962
370 6413 7165 1905 4060 4486 3523 4071 9722 4077 8175 273 4766 779 9640 6269 2060 5872 935 2962
371 8140 6269 5103 6054 949 4060 1905 4486 9636 10 155 3188 6786 4407 2279 8570 3565 8040 1042 1956 4077 1323 935 9968 2962
372 6413 6269 1905 4060 5069 9688 8203 8175 6859 7459 3100 7742 6153 8570 1323 2863 2608 1042 2279 4486 691 133 4027 450 4985 935 2962
373 4060 3743 3053 8140 4077 1905 5330 6258 6653 4295 5069 8040 4880 7165 5038 1323 1181 3270 9636 6859 5295 7055 2327 2962
374 7459 8040 3743 5103 6413 9636 3005 5069 4340 4077 2279 1407 5825 1042 646 4407 1905 4071 935 8140 5715
375 6413 8618 1956 8570 5183 949 3523 1905 1323 6054 1796 6269 8040 1181 1625 4644 3005 3100 7461 8140 6258 4377 935 9244 321
376 4077 6840 3743 6413 5103 1905 7459 8040 7165 7454 8618 2060 1323 5330 9442 2530 3926 6253 6153 6258 2327 935
377 4060 8342 3523 6506 2551 9636 7459 3053 7742 652 4486 3743 4077 5330 4705 1181 1728 4071 9968
378 4060 3743 3523 1905 6786 9040 8618 9442 2741 6413 1323 5103 3005 6213 8386 3547 3297 6153 765 6075 1625 4636 8140 7880 6269 6258 183 9968 7762
379 4077 8618 7165 3417 4928 8175 3563 7742 4486 6786 4060 9293 8140 1439 5687 8040 8203 1905 4070 1042 5097 3425 6153 8069 935
380 8618 3053 4077 6413 3743 7459 9722 3895 5069 6786 3153 4060 1181 7165 4880 691 2060 7048 7884 4766 7049 3005 1905 1276 8470 6258 7413 321
381 1905 4077 3523 6413 4070 7165 5135 83 4644 8069 2183 6258 4869 8342 9735 4071 4407 8140 1042 8618 450 6584 9968 2962
382 4060 6269 6840 1905 6413 4077 8618 5069 8570 2183 133 8342 8684 2586 6506 3743 2202 9722 9442 6258 8069 6153 1042 6470 935
383 8618 3743 6413 4340 691 3079 7459 229 4071 7049 4644 8140 6266 1407 6269 1020 372 7285 6153 1042 3297 2486 9606 2183 9086 2327 935 79
384 4644 4060 6413 1181 949 4077 9722 8175 4928 2331 3523 1956 8140 5135 3743 6786 1042 935 7762 5715 3012
385 4060 8342 8140 1905 5103 4928 6413 4644 7459 5330 6269 4070 8618 667 2183 5546 949 6153 3053 3005 8175 7082 9640 4340 4362 6258 6054 3106 935 7413 79
386 1905 3005 4060 6269 3743 4362 8342 8140 4071 9636 5795 6840 7459 3053 2183 1962 1336 1181 6859 670 8175 2721 450 8618 1042 6258 5715
387 6413 6840 3743 3053 5295 8175 4077 4362 3859 2331 2787 3132 4880 3188 6258 4340 8618 8470 79
388 6413 6840 8140 4077 7459 1905 3005 7165 8570 4407 1956 6683 9722 4644 2537 4060 5687 7048 7457 6213 761 1212 813 7880 6054 7762
389 4060 6840 1905 691 3743 2524 7049 5330 8140 5069 2279 2767 9115 652 7165 3053 6859 5103 8618 6258 4071 6054 7762 79
390 4060 6269 3743 5069 8140 2767 6413 4077 3005 4391 9636 6840 3465 7340 6653 871 935 7880 4636 1042 6258 4985
391 3743 8618 6269 5069 5103 4077 6213 3053 1905 3523 6786 5546 5687 2331 8203 8342 6258 935 9968
392 4060 2767 3417 6840 4077 2279 6258 8880 8570 273 8618 9408 2060 3053 6413 8140 2608 8175 871 4928 1956 935 4340 7055 2327 6054 5412
393 6413 1905 739 2863 83 1042 3005 7742 4060 915 5069 4077 5330 6859 7526 2060 9735 3053 4717 3743 7183 4880 183 9968 1668
394 4407 1042 3005 4060 9636 1336 6269 4077 5330 2767 8175 578 5295 779 8880 3153 9688 4340 2327 6258 935 7762 5715
395 6269 4077 4644 6413 4060 3523 6258 949 2767 2863 3053 9735 7165 7321 9722 6859 7192 2530 4340 9265 935 9244
396 1905 4077 5795 6413 4060 8175 8040 3743 1323 8586 667 2551 2263 6054 2767 6786 915 1728 6269 3106 935 9244
397 1905 8175 4070 6786 4060 7742 6258 6413 4077 8618 4407 5795 3743 739 6269 765 2060 935 1122 8720 6698 4071 1042 6226 9244 9968 3894
398 4060 8618 4407 6258 7165 4644 4077 10 6054 6506 4340 1905 9408 5069 2183 2486 3003 1407 2085 6269 8423 7762 1625 935 2643
399 7165 4060 4077 7742 6269 3743 5103 8618 6991 8140 3523 5330 10 9688 4407 2863 273 691 502 6413 6332 6054 6258 5097 1042 7880 3074
400 8618 1905 3743 6413 8175 7165 4060 5103 6269 691 6669 5546 7459 2530 5244 1907 4407 3053 8342
401 8342 6413 3523 4060 4077 6786 2331 2551 9610 9593 3264 1905 4071 133 7526 4928 6153 6584 6258 9968 7949
402 7165 1905 3005 4077 6413 6968 9659 9265 2551 3523 273 6269 3743 6786 2608 5872 6258 915 5038 450 4928 8140 246 4071 8618 1042 6584 1625 8470 2962
403 4060 6413 4070 4407 4340 2486 8618 6266 2939 6269 7036 4644 4486 3743 9722 5330 5295 790 134 6054 1181 7413 6584 935
404 5103 4060 6269 3153 3743 4077 2060 5692 8570 7459 6258 8618 3465 4071 4755 4407 4362 1181 5330 5546 1962 9722 468 9666 5795 8140 761 4027 935 7762 9968
405 8140 4060 8175 4486 6991 3079 1905 5692 4644 4407 8423 761 8260 7165 3053 3415 6413 4928 4985 6258 935
406 1905 4077 6269 8618 779 6840 5069 2790 4407 6413 5330 7454 1728 3375 5295 1423 4060 5861 3297 141 8140 8386 6153 2962 9968 2240
407 1905 4060 6413 8140 761 8618 5795 246 3523 691 2202 6786 7742 3005 4077 5330 7654 8720 8040 4071
408 4060 4071 6269 3743 3523 8140 4977 2486 2767 5103 6258 3053 9293 9636 4407 2060 7454 4644 4667 8248 6332 9688 6054 7285 935 7949
409 6413 3743 4060 6269 1905 2863 273 5103 5330 3417 6991 9636 3005 3053 2767 8618 3895 1625 5097 6258 8140 1042 79
410 6269 4060 3743 2767 6786 1336 2741 1323 8140 5097 6413 5330 9722 4391 4077 8949 6653 4869 5295 7880 5069 4340 4362 6054 2327 7762 1668
411 6413 1905 8618 4060 7165 3895 7459 8140 5097 3079 5687 4636 4077 134 6269 691 6840 9838 3417 3297 6991 8837 1625 450 6258 7762 6584 935 3074 5715 2962
412 1905 4060 6413 3895 5330 4391 5069 3005 3007 3743 2787 3465 3523 7165 6269 8342 3700 4077 4071 8248 6258 1042
413 6269 8140 4644 4060 6786 5097 6075 6413 8618 4684 3053 5295 2767 5069 6266 3547 3743 7256 1336 9636 652 1181 761 2790 4071 6258 4340 6054 935 7762 2962
414 8175 4077 4060 8140 1905 5330 8203 3053 2677 4644 5069 9722 3743 5546 1042 9688 2060 4295 935 1956
415 3743 1905 5103 134 4077 4060 691 2183 6413 5330 4391 4928 2767 854 8248 9293 4071 9722 4407 8040 7049 2666 1042 6258 1668
416 3523 3743 4060 4077 6840 9636 5065 6413 779 4407 5103 8618 8949 4486 6786 5069 1496 7049 5097 1625 6054 9968 2962
417 3743 6413 3053 6269 3153 5135 691 6859 8342 7049 739 3926 2085 8069 8203 8428 9442 3523 1181 2608 4060 450 3111 935 7296
418 1905 8618 5103 6413 3053 7454 9115 3153 6269 4060 2279 6859 4077 3743 6840 5069 7165 5687 8140 83 6258 1042 133 935 9968 2962 5715
419 4077 4060 246 6413 7165 2279 790 4407 8342 2335 1905 4717 4821 6258 2331 6506 871 4340 7762 935 321
420 1905 6413 4077 4766 8260 4060 6258 9115 8140 2331 1407 6269 2486 246 6991 8618 2085 9606 5687 9265 5546 7880 7762 7413
421 6413 8140 1905 3523 761 1042 5103 4644 3547 8949 1212 9646 5244 7485 4880 6269 3895 4407 7049 6258 3005 6613
422 6840 8618 3053 4060 8342 4880 4340 1905 9722 4644 5330 691 8175 6786 8040 3743 790 6269 8140 3547 183 9244 5715
423 4928 6153 1905 4060 2279 4077 5069 6786 2767 5183 6258 8342 4071 6269 4027 7459 3743 7290 6840 3005 9722 3895 1042 4760 321
424 4060 6413 6840 6258 4077 9688 7165 8342 5872 7526 9636 5692 7810 7459 8837 5330 8618 1905 4340 1625 183
425 3743 8342 5069 6413 652 871 3465 3053 7459 8618 4060 8260 8140 4407 2263 273 4071 83 1973 691 6767 1728 8069 4066 6258 6226 2790 2240
426 4060 6413 5330 8140 3005 3743 3523 6269 652 4407 5069 2060 8793 6991 5692 8040 1905 8618 761 1956 7791 4071 6054 2327 935 6258 1668 7762
427 4060 3523 4071 5103 8342 1956 4362 7454 1042 779 4880 7880 691 6991 3053 7457 4684 9398 8618 6153 1937 2787 3743 2666 6054 8684 8140 6258 2327
428 4060 4077 6413 691 3005 8140 5330 1905 6269 9688 4071 3895 8175 1956 3523 6153 3153 6840 7459 1407 5097 4340 6584 1042 935 6258
429 8175 6840 1905 8618 4060 9829 9115 779 5103 8140 134 6258 3743 4077 7459 2767 8342 6269 3007 1942 1042 652 2327 935
430 4077 6258 8618 4928 8175 3743 4391 6413 4060 3005 6786 3053 1042 790 5330 7459 5069 9838 871 1905 9746 4923 7762 935
431 4060 8618 1905 6786 5069 2767 4077 8684 5546 4755 8342 3743 9636 7454 9722 6266 1042 4071 652 8586 1728 7165 8462 6153 8386 7285 6258 935 9968 1668
432 8175 8342 4077 4071 8140 7165 1905 790 1625 6413 2767 4060 1728 4869 3053 3743 4586 7526 2551 5546 3079 7285 935 9968 2962
433 5103 6413 4077 8618 6269 7165 4060 1905 5069 5097 6258 5244 3523 8428 2741 4486 2183 8586 4407 8175 7459 1042 4362 7285 4340 6054 935 2962
434 6269 3743 6413 2279 6859 1905 3005 2486 4486 8140 4880 8586 2767 155 5069 5330 5795 4070 2183 813 6054 935 7880 7296
435 8175 3523 3743 3053 6269 4060 1905 691 2863 4869 4928 1937 2183 1336 6153 5069 4178 2274 1042 7694 9688 8140 7762
436 6413 8618 3053 6786 4060 9115 2183 5069 3523 8140 8342 9636 761 5038 4295 1907 6840 1181 4407 8586 4027 155 7880 6258 2327 7762
437 1905 4060 4077 3188 7791 6786 4071 4644 1336 8837 7351 4486 5103 9593 6226 9115 5330 6413 9606 1625 6258 7126 935 1956 9968 6613
438 6413 8175 6269 8618 7165 4077 5795 2331 7454 9636 1407 1042 4060 6840 6153 2060 5546 691 3743 7459 4071 7791 5097 935 7762 5715 2962
439 4060 5069 6786 3743 2331 8586 8140 6269 5330 691 9887 3565 3053 3766 3523 6258 7165 1042 450 7762
440 4060 7459 691 1905 1942 2741 133 6506 6269 6786 5546 4071 4077 652 2263 2085 4644 790 5795 8570 3523 8040 6258 4340 9244 5307 3982 321
441 6413 9722 1905 3523 6840 4928 6269 8140 7165 2085 5546 3005 7526 4060 7290 646 7253 1042 1323 3895 2767 4071 7454 246 4362 7049 935 7949 2962
442 6413 5069 4060 2551 8618 4077 779 3743 1905 915 2331 3005 8684 5330 5038 6269 7459 1042 6258 2327
443 1905 3523 4644 5815 3417 8140 4293 5330 4071 5546 9722 3743 7742 2085 1042 2127 5097 6258 9244 7296
444 1905 6413 4077 8618 1728 4644 7526 646 5069 670 3523 8140 2331 4060 7742 4407 726 6269 1122 1042 6054 9968 935 5715
445 8618 3743 4077 3523 6269 10 1032 3079 4667 1042 4340 9040 4644 726 2850 9293 4070 4766 2486 2863 4362 6258 6054 9244 6101 935
446 4060 1323 4071 8618 1181 1336 8140 1042 3005 6840 7165 7485 7115 6258 4391 4077 790 3053 2863 8175 4295 3743 6054 1728 935 6101
447 4077 6413 6269 4060 8618 691 1905 7165 6786 8175 8342 2060 5183 6506 1042 246 6258 4071 2486 8140 6253 8815 6054 5295 5097 935 6613 3894
448 1905 779 4644 3417 3053 3005 3523 6258 4060 4071 4166 8140 246 7485 646 6413 5546 6153 6920 7880 2643 935
449 1905 8618 7165 4071 4060 6413 5795 2331 6258 10 3053 4340 2586 4928 9636 3005 3100 5069 4077 2060 2767 9735 7055 4362 935 183 2962
450 4077 4060 6413 7048 6786 2939 5872 8140 6269 4071 1181 5295 1905 10 3743 4407 9115 5038 273 246 8618 5183 949 7454 1728 4636 4928 6258 1956 7880 6054 7709 935 6613
451 8342 9636 6786 3053 7165 8618 4077 4060 1042 3465 7454 5692 4636 2787 4880 6859 8140 2863 1973 5546 5795 2263 133 1625 2962
452 6413 6269 9636 8342 3005 7459 8618 578 7234 1905 2741 9442 2767 4077 4060 4372 1907 4066 4071 8140 4486 1042 1956 2327
453 6413 2767 7165 6258 5103 2279 1905 1336 5330 3005 3264 8342 7381 3153 5546 6584 9968 5715
454 6413 4060 6786 4071 1181 691 4077 8618 9207 1905 8342 2183 3153 3053 6479 761 9636 5546 687 3005 2279 8586 6258 4340 7762 7949
455 3053 1905 2863 10 9735 9293 8342 2741 8618 652 4077 1907 6413 6153 6269 2335 6859 691 4060 6653 372 5244 3331 765 1625 7459 1956 935 3894 6613
456 1905 8140 4060 1042 5069 4077 6767 6413 5389 4071 8618 2183 2925 6269 4928 5687 6786 6332 4407 5795 3523 726 4644 2790 135 1956 6584 9244 2962
457 6413 10 4077 8140 5069 4407 9688 6767 1042 9606 511 8837 9636 4086 4071 3743 5295 4060 8040 2183 2486 1336 2279 9040 6054 6258 935 3894
458 6413 1905 5069 3523 4077 7048 1181 3053 4060 6269 8618 8342 3153 5872 7165 6786 9115 2767 949 9722 4070 478 2611 9688 7454 6258 79
459 8618 4060 3053 3743 4486 9735 4077 6413 8386 7165 3417 9659 1905 2335 6786 3005 5474 2127 7285 133 6054 3153 1181 4644 6258 935 7762 321
460 4060 8618 7165 4880 8837 83 8586 1962 8140 5097 6413 4362 5069 2551 4077 1276 3895 4027 2183 8260 8481 4486 2264 6258 8841 935 7880 7762
461 3743 8618 7165 6413 4077 8880 4060 9722 1905 8069 3053 2530 1625 779 3523 7048 4407 3284 5069 4027 6258 2962
462 6786 1905 6258 3523 4060 8618 4077 3743 5546 2331 6413 1407 4071 3053 8342 9115 4486 8586 2608 7454 6054 7791 935 2962
463 6413 8618 1905 6258 6269 5872 1181 4071 6786 3007 691 8175 5103 4070 949 4928 7165 3895 6767 3563 7526 10 4486 1728 6153 5097 6054 935 2327
464 8618 4060 4407 1407 5069 4077 2202 4644 6413 5097 4486 8260 5546 5330 1962 6103 7321 7165 9688 5715
465 4060 8618 4071 3743 1905 6269 6413 4077 6786 9636 3153 4928 8140 8175 3005 5038 155 6258 2486 4178 8570 9115 6767 871 2741 1042 1625 6101 5715
466 8342 4060 8618 1905 4077 4486 3005 7165 8175 2787 3007 6269 4178 5795 5103 4644 4071 1042 1942 3053 8686 8140 5546 4985 6547
467 4077 6413 6269 1905 273 3523 4407 5295 8342 3079 6258 5442 4923 6786 790 246 3743 4928 5439 3465 9735 8423 6054 6584 7762 6101 9244
468 1905 8618 6413 8140 7290 4077 691 7165 6257 3743 1042 5330 3153 10 5692 9040 4644 6332 6153 8684 3188 7791 6258 9244 1496 4985 3074 5715
469 3743 4766 5872 3005 3053 6413 5330 4407 3153 2183 7485 6859 5546 1905 9636 4644 8140 1042 2263 6269 450 935 5715
470 1905 6413 8618 1181 7165 3743 6786 6269 4060 5692 3523 1728 8386 7742 3188 9735 1323 7526 1423 4928 7553 5687 6054 2240
471 4077 8342 691 6413 4060 1907 1905 4928 3005 6991 5546 8140 5244 4880 2183 6859 3743 7526 7874 2279 3 6258 450 6584 6054 9244 6613
472 3523 1905 2331 4060 4071 3743 5330 3005 6413 5069 6269 8260 3417 6840 1042 3053 5097 183 7880 1956
473 1905 6413 6258 4071 4077 3417 6269 3895 4060 9115 8140 2677 578 1907 6991 5135 8462 4923 2741 4928 6075 1142 3830 7762 321
474 3743 1181 8618 1905 6413 4407 1336 4077 4060 5872 5330 4880 4644 2677 5546 4667 3053 6991 9293 8140
475 4060 4071 6767 8175 915 5069 3053 9688 4077 6786 5330 9666 6413 7526 871 8684 1038 7165 2863 8140 2611 1042 3894 2962
476 8342 8140 4644 8618 3053 6269 4060 6840 5800 7459 4407 2767 3743 3547 8586 7285 1905 5546 652 4330 1020 4928 9244
477 6413 691 7165 4077 3053 4340 8342 5330 2183 6258 1905 3743 8175 6840 8140 8949 7461 5295 2060 5069 8837 1042 7880 935
478 6413 3005 6269 5069 5330 8618 3743 7165 4060 8140 5103 4077 6258 2279 8260 1905 5546 5135 4070 9688 4928 949 5917 1625 6584
479 4060 1905 4644 6840 7880 3743 1181 6413 5800 7791 4391 7183 9659 4070 8140 2614 4407 691 6054 2767 4340 7454 6258 935 6134 7413
480 8140 4077 3743 3523 790 7048 5546 7459 4644 2183 4060 4821 9791 4928 4295 2279 7434 1728 6054 2962
481 4060 9636 4077 5687 7165 7048 6413 3005 7459 5872 2787 6991 8618 8570 9256 691 246 5546 8342 9115 4071 9735 8837 6258
482 3743 8140 4362 8342 1181 2896 7526 1905 6859 4060 4644 3926 7742 3297 2790 2183 6840 3053 8248 5795 372 8618 6786 6683 9244 5715
483 4060 1905 8175 8140 6653 6786 2863 3053 5103 8618 4077 761 9636 4629 1042 4340 2183 7454 6840 1212 4684 4362 8342 1625 6413 1323 6153 935 7949 3894
484 6413 4060 1905 8618 6269 4077 5069 1323 7165 5687 2677 4766 1276 3743 7459 6991 8140 2863 6258 779 3153 5964 1042 935
485 6269 1905 10 4077 4060 8140 4407 3053 3743 9115 5069 1323 7526 3895 5295 2767 505 4629 790 9632 2790 6786 7165 5097 6258 6054 1668
486 4071 4060 2331 1905 3743 2183 4928 5587 5795 8618 813 2279 5069 6786 6859 3053 5546 5244 3005 687 6584 2962
487 4060 3053 5069 9735 3743 6786 4295 4362 8618 1905 2790 7048 6859 83 6269 1252 8203 6506 5295 5097 9636 6413 4077 4071 6054 7949 9968
488 3743 6413 2183 3053 4060 691 1905 9636 8586 8260 5546 9115 4077 450 646 5069 5330 6258 7048 1042 7165 790 8140 4340 7880 183 1625 5715
489 3743 8618 4060 4644 4077 3153 5330 6258 5069 1905 4070 6269 7165 7290 2677 5546 1122 6413 4027 4071 6468 1728 4340 6101 6613 935
490 1905 3523 4362 83 2741 4077 5069 3547 8203 2060 9838 6413 7791 1042 8069 6269 9636 1962 6619 3005 2263 5211 8140 2240 3074 321
491 4071 5330 8618 7742 4077 779 4060 5069 3743 6269 7165 1956 9838 780 4766 691 1407 8949 9666 1463 1042 3970 935 6258 321
492 4060 5330 7165 6269 8618 9636 4077 3523 6786 4644 1905 3743 4071 8140 8586 5103 2877 3 6054 5715
493 3743 4060 1905 6269 4071 6153 2608 790 2486 1423 6991 6253 6413 1407 8040 9265 4486 7434 7742 8140 1956 8570 4077 4362 5038 4923 1042 6258 6054 1625 5715
494 1905 3005 8140 8618 7165 3743 4060 9735 4486 6269 3053 9521 6226 5330 2551 578 6840 3523 6258 7762
495 1905 1042 5069 3743 9636 4077 4644 8140 6413 4407 8618 7485 2183 7048 8743 4362 6669 2060 1212 5815 7165 3005 4636 7434 246 6258 935 3074 2240 2962
496 4077 4060 1181 8342 5103 8140 7742 3417 9115 7321 2767 3053 1407 3970 6413 5587 5330 646 9040 7165 8248 935 2349 6258 6054 1625 7880 9244
497 8618 1905 5069 4077 6258 8140 3743 3005 246 6413 3547 9632 4928 5687 6153 4060 9646 3297 949 7454 3079 8069 4644 691 9040 2486 6840 8342 9293 6054
498 8618 1905 4070 1181 7165 4060 6413 7454 4407 3523 8880 6786 6258 6669 4721 3005 4644 2060 2767 8069 133 4071 1956 6054
499 8140 8618 5546 1905 6269 4060 915 5872 7165 4928 2551 4070 6786 4077 133 6054 3005 2060 6258 5330 7742 7454 2787 9640 5097 8342 3053 2085 6413 8423 8284 935
