100
0 0 1 2 3 4 5 6 7 9 8 10 12 17 11 15 16 13 14 20 18 19 22 21 24 25 30 27 23 35 38 31 32 26 28 45 47 88 138 709 554
1 0 1 2 3 4 6 5 8 7 12 10 9 11 15 14 13 17 18 16 22 25 26 21 24 20 19 23 55 41 54 32 46 34 70 74 138 252 1290 8556 8458
2 0 1 2 3 4 5 6 7 8 9 11 10 13 14 12 17 16 15 18 19 21 24 20 27 22 28 23 35 26 32 33 34 25 31 37 62 65 138 2264 3975 3756
3 0 1 2 3 6 5 4 8 7 9 12 14 10 15 16 11 13 21 20 18 24 17 27 31 22 19 40 25 30 32 46 36 38 73 41 65 3097 1671 8556 8458 7450
4 0 1 2 3 5 4 6 7 10 9 14 15 12 8 13 16 11 17 19 26 36 28 30 24 25 29 18 38 20 37 21 22 31 33 27 54 120 65 3975 1502
5 0 1 2 3 4 5 6 7 8 9 12 10 11 15 16 14 13 20 17 18 21 28 25 36 19 22 23 29 26 24 31 32 34 37 27 62 69 120 155 138 1310
6 0 1 2 3 4 5 6 7 8 9 13 10 12 14 11 16 17 15 19 18 21 22 20 24 27 23 26 30 29 36 35 31 40 25 38 28 37 120 69 176 3097 1502 1310 3756
7 0 1 2 3 4 5 6 7 9 8 12 11 10 14 15 21 17 16 13 19 18 23 20 24 22 30 27 35 47 37 28 46 29 31 26 25 63 126 138 4371
8 0 1 2 3 4 5 6 7 9 8 10 12 11 14 15 17 13 16 19 22 24 20 36 18 37 40 23 27 21 26 41 42 29 52 38 35 28 65 63 57 1495 1290 8556 8458
9 0 1 2 3 4 6 5 8 7 9 11 10 20 14 19 15 23 12 16 25 13 35 33 18 28 17 32 24 21 29 22 26 30 52 27 45 65 155 6729 8458
10 0 1 2 3 4 5 6 7 8 11 10 13 17 12 16 15 14 9 20 18 22 28 19 23 25 27 34 26 38 24 32 31 21 29 30 65 37 138 69 126 3244 2848
11 0 1 2 4 3 5 6 7 8 10 11 13 9 15 12 17 14 16 19 18 20 24 34 26 21 23 27 25 55 28 22 41 37 54 38 31 42 138 1495 554 3975
12 0 1 2 3 4 5 6 7 8 9 14 10 13 11 12 16 19 18 17 15 26 22 21 24 35 32 23 29 40 33 27 20 50 42 62 138 621 1502 2264
13 0 1 2 3 5 4 6 7 8 9 12 11 18 17 14 15 10 20 19 21 23 16 37 13 44 53 35 49 34 24 26 48 33 27 30 63 139 138 2264 7242 5482 9193 8556
14 0 1 2 3 4 5 6 8 7 9 10 17 15 11 14 19 21 12 13 18 30 20 16 25 24 38 34 45 22 41 39 35 29 37 52 28 138 4371 8556
15 0 1 2 4 3 5 6 7 8 9 12 11 10 15 14 16 20 21 13 19 18 17 22 26 23 27 29 36 38 28 42 25 37 24 41 43 131 120 69 1310
16 0 1 2 3 4 6 5 8 9 14 7 12 15 10 11 21 19 16 17 13 24 27 51 30 20 35 22 31 29 23 40 37 38 41 25 58 110 63 28 78 176 8556
17 0 1 2 3 4 5 6 17 7 8 11 10 9 12 18 15 13 14 16 20 21 32 36 25 46 34 28 19 26 29 24 60 84 44 252 8556 8458 7450
18 0 1 2 3 5 6 4 8 7 9 14 10 26 13 16 18 17 33 11 12 34 15 21 32 42 25 23 50 43 56 35 19 138 583 5381
19 0 1 2 3 4 5 7 6 8 10 9 15 12 14 11 13 17 22 18 37 16 21 19 28 20 30 23 31 27 47 44 32 82 26 38 35 34 56 131 126 708 138 2264 5926 1737 3244 8556
20 0 1 2 3 4 5 6 7 8 9 11 10 14 12 13 15 17 16 20 35 19 26 27 21 23 22 24 28 50 33 18 36 25 37 31 30 62 155 138 5526 1290 8556
21 0 1 2 3 4 5 6 7 8 9 11 12 15 10 13 18 14 19 21 23 20 16 17 30 34 27 22 24 47 26 37 33 32 28 35 74 38 63 199 138 176 583
22 0 1 2 3 4 5 6 7 9 8 10 12 11 15 14 13 16 18 17 20 23 22 28 19 27 24 26 30 21 29 25 32 35 36 46 41 37 583 138 1310 1290 7624
23 0 1 2 3 4 5 7 6 8 11 9 12 10 17 14 15 18 13 16 19 26 21 35 23 20 42 24 56 32 25 22 27 34 28 29 55 138 554 6049 3244
24 0 1 2 3 4 5 7 6 8 13 10 9 11 12 14 15 17 19 18 16 22 20 27 32 26 24 35 23 31 21 37 42 28 36 30 29 38 57 69 65 708
25 0 1 2 3 4 5 6 8 7 9 10 12 17 20 14 15 22 11 13 19 21 18 16 23 29 26 50 46 34 33 48 37 35 57 27 69 138 2264 9193 8556
26 0 1 2 3 4 5 6 7 8 9 12 10 11 15 14 13 16 17 24 25 26 18 21 19 23 22 30 20 36 28 37 27 33 46 41 32 65 120 3975
27 0 1 2 3 4 5 6 7 8 9 11 10 12 15 13 17 16 14 20 18 19 22 23 24 28 29 21 37 36 27 34 25 40 41 35 38 57 30 1495 138 1671
28 0 1 2 3 4 5 6 7 9 10 8 14 12 13 16 15 19 11 17 20 22 23 21 18 29 31 24 45 27 35 26 37 28 60 30 32 44 63 38 121 78 120 5921 2153
29 0 1 2 3 4 5 6 7 8 9 11 10 15 12 17 19 14 16 18 20 21 13 26 22 30 23 35 24 25 45 38 27 41 40 57 36 48 28 138 4371
30 0 1 2 3 4 5 6 7 9 14 12 10 8 16 13 15 19 11 17 20 31 22 27 21 29 24 28 36 23 26 18 35 30 60 56 44 40 37 199 621 968 5526
31 0 1 2 3 4 5 6 7 8 9 10 12 14 16 15 11 13 21 20 17 22 18 23 19 24 31 27 26 37 34 29 25 30 28 36 45 58 3097 554
32 0 1 2 3 4 5 6 7 9 10 8 11 14 12 16 18 13 20 17 21 15 22 19 23 34 25 26 31 24 28 27 33 35 37 41 60 126
33 0 1 2 3 4 5 7 8 6 9 10 13 14 12 15 11 16 17 21 20 19 18 25 34 37 22 28 24 23 35 29 38 46 82 39 74 126 120 138
34 0 1 2 3 4 5 6 8 10 7 19 14 16 9 15 17 11 18 12 24 13 25 29 30 32 21 27 28 34 20 22 41 33 38 26 63 138
35 0 1 2 3 4 7 6 5 12 8 9 13 11 10 14 20 17 28 23 22 37 27 19 61 15 21 16 26 71 25 35 55 97 18 52 24 32 63 72 57 121 138 8450 9584 9559
36 0 1 2 3 4 5 7 6 9 8 11 12 15 10 14 16 21 13 17 18 20 27 25 22 24 35 26 23 30 41 49 32 36 33 37 5526 1290 8556 8458
37 0 1 2 3 4 6 5 8 7 9 10 11 12 15 16 17 14 13 19 21 24 30 27 25 18 20 41 26 32 22 28 48 40 23 35 36 37 65 155 4371
38 0 1 2 3 5 6 4 8 9 7 12 14 10 15 16 13 11 21 24 20 27 17 18 31 22 40 19 25 38 30 36 46 32 73 41 65 3097 1671 9193 8556
39 0 1 2 3 5 6 4 8 9 7 14 10 13 16 17 18 34 26 11 12 33 21 15 23 22 32 50 25 42 29 56 74 62 120 138 583 5381 554 1671 5921 8556 8458
40 0 1 2 3 4 5 6 7 9 8 12 10 13 14 15 17 11 19 27 22 20 21 16 26 23 18 38 29 45 25 24 37 44 54 35 51 30 28 62 120 69 155 193 1263 1958
41 0 1 2 4 3 5 6 7 8 9 11 10 14 19 12 15 13 16 20 17 21 28 27 18 26 23 31 52 37 24 25 34 35 33 50 126 176 3975 2153 2848
42 0 1 2 3 4 5 7 8 6 9 19 14 11 10 20 13 12 15 17 21 16 23 26 30 18 31 44 35 27 50 29 22 37 39 32 62 38 69 708
43 0 1 2 4 3 6 5 8 10 12 9 15 13 7 11 17 23 16 14 24 22 18 19 25 55 54 26 21 30 28 114 46 38 32 29 20 103 2060
44 0 1 2 3 5 4 6 8 7 9 12 13 11 10 15 16 17 22 14 18 28 19 21 20 23 27 32 30 56 36 34 25 29 26 41 24 120 303
45 0 1 2 3 4 6 5 7 8 10 9 12 11 13 14 15 23 17 16 20 18 22 19 21 25 26 29 24 32 30 33 31 45 55 120 138 176 5921 6729 1310
46 0 1 2 3 4 5 6 7 9 8 11 15 10 19 12 13 20 17 14 18 16 38 35 31 29 21 22 32 27 33 25 34 93 28 1671
47 0 1 2 3 5 4 7 6 9 8 10 14 12 11 15 13 17 19 18 16 20 26 21 36 37 22 30 24 23 28 29 27 31 38 43 33 120 126 138 3975 1310 1502 7055
48 0 1 2 3 5 4 6 8 7 9 10 13 19 15 17 14 16 11 18 20 12 24 34 28 30 22 25 21 23 39 48 45 35 38 31 138 968 4247 8458
49 0 1 2 3 6 4 5 7 9 8 12 11 13 10 15 14 17 20 16 19 28 25 22 29 27 18 32 23 21 26 33 31 24 40 37 63 1671
50 0 1 2 3 4 5 6 8 7 10 11 12 15 13 16 19 9 17 14 28 18 24 41 34 29 25 27 21 48 22 20 31 36 40 37 65 968 3097
51 0 1 2 3 4 5 6 7 11 10 12 8 20 14 15 22 16 17 18 24 28 9 21 35 45 27 13 26 64 58 30 93 121 19 117 23 56 41 95 3923 138 2818 9365 5501 155 725 3046 468 9584 9559 9193
52 0 1 2 3 4 5 6 9 7 10 13 8 12 14 17 15 18 29 11 20 23 19 38 22 25 27 34 32 30 43 39 60 16 28 63 120 126 1070 1310
53 0 1 2 3 4 6 5 8 9 10 7 12 15 11 13 17 14 16 21 19 24 18 23 25 22 30 20 26 38 48 55 41 45 39 28 54 27 121 8458
54 0 1 2 4 3 5 7 6 9 8 10 19 11 20 12 15 13 14 16 18 23 17 26 30 22 21 36 34 29 27 44 38 40 28 62 35 39 69 155
55 0 1 2 3 4 5 6 7 9 10 8 14 11 12 15 16 13 20 21 18 19 23 17 22 24 26 25 27 30 29 35 31 28 33 37 45 38 121 126 138
56 0 1 2 3 4 6 5 8 7 9 14 10 11 12 13 19 16 17 15 21 24 18 35 22 27 30 40 23 20 50 32 25 29 41 44 38 37 126 621 2264
57 0 1 2 3 5 4 7 6 9 8 11 14 10 19 15 12 16 20 17 13 18 26 21 28 30 24 36 27 31 37 23 34 44 22 38 33 35 65 126 69 3975
58 0 1 2 3 5 4 6 8 7 10 9 18 11 17 19 14 20 12 15 32 16 22 13 35 39 38 24 30 21 29 25 45 33 27 41 138 2153 6604 1290 8556
59 0 1 2 3 4 5 7 6 10 13 11 15 9 8 19 12 42 14 16 27 17 18 26 35 55 56 39 57 38 52 32 29 43 28 82 23 121 139 2060 554 8556
60 0 1 2 3 4 6 5 7 8 9 10 12 11 13 23 14 20 15 19 28 17 16 22 25 18 29 32 33 24 27 35 21 30 52 26 37 61 65 120 6729
61 0 1 2 4 3 5 6 7 9 8 10 11 20 19 12 16 13 14 17 15 21 27 18 24 28 26 37 23 41 31 52 22 25 30 34 60 45 121 155 968 3975 1737
62 0 1 2 3 4 5 6 7 8 9 12 11 10 14 15 13 17 16 22 28 21 27 19 45 35 24 26 20 36 31 43 23 120 18 41 37 29 69 38 155 148 138 1263 1958 1310 8556
63 0 1 2 3 5 4 6 8 7 9 14 15 10 12 11 16 21 13 24 20 27 19 17 18 22 31 38 30 32 23 33 35 57 26 34 41 1714 3097 120 1290 1263
64 0 1 2 4 3 6 5 8 7 12 10 9 11 15 13 17 16 25 14 22 24 26 23 18 21 54 55 27 46 19 33 32 114 30 20 61 37 126 138 1290 1737 1671
65 0 1 2 3 4 6 5 7 8 9 10 11 15 14 12 19 17 16 20 13 21 18 24 36 25 26 29 30 28 31 22 38 23 32 37 27 57 84 3975
66 0 1 2 3 5 4 6 7 8 9 12 11 14 18 13 16 10 15 21 19 20 17 24 23 49 25 22 29 27 37 30 58 40 35 46 65 44 63 28 252 126 138
67 0 1 2 3 4 5 7 6 9 8 10 11 15 14 16 12 13 19 17 22 24 18 20 26 36 27 37 21 28 29 23 31 25 35 38 30 42 57 138 3975 2264 1290
68 0 1 2 3 4 6 5 7 8 12 10 9 11 14 15 13 17 16 23 24 26 19 18 29 22 21 25 27 20 55 54 35 51 41 114 45 79 28 126 138 554
69 0 1 2 3 4 5 6 7 8 12 9 13 14 11 10 18 16 20 22 25 15 17 28 24 42 29 26 30 43 34 68 72 37 19 69 1671 6165 9193
70 0 1 2 3 4 5 7 6 8 11 9 14 10 17 19 16 13 20 15 12 23 18 21 25 28 24 27 35 26 33 52 41 31 45 56 22 37 121 69 176 138 3975 6729 2848
71 0 1 2 3 5 4 6 7 8 9 15 10 20 12 11 16 14 13 18 19 21 17 26 27 22 36 38 40 34 24 30 35 33 31 23 3097 1334 1671 8556 8458
72 0 1 2 4 3 6 5 8 10 7 12 9 13 11 15 17 16 14 23 24 26 21 25 22 19 55 18 20 30 54 34 114 41 46 45 70 121 8556
73 0 1 2 3 4 5 9 8 6 7 10 11 12 17 13 14 15 16 24 18 22 23 20 28 19 35 38 39 57 36 31 32 30 40 27 21 41 37 1495 8556
74 0 1 2 3 4 5 6 7 9 14 8 10 12 11 15 16 13 19 23 24 17 21 29 27 22 28 35 20 18 54 31 40 43 50 26 199 126 121 621
75 0 1 2 3 5 4 6 7 8 9 14 10 15 12 11 16 13 24 17 21 20 36 18 22 19 26 31 28 27 30 33 25 37 38 35 57 23 73 3097 3975
76 0 1 2 3 4 5 6 7 8 10 9 12 13 14 18 11 16 19 22 17 15 24 20 30 23 39 26 28 36 34 32 27 29 25 63 126 155 8556 8458
77 0 1 2 3 4 6 7 5 12 11 9 14 20 18 15 17 10 8 21 26 31 27 19 16 33 35 22 60 13 29 25 28 62 37 58 44 90 155 4347 1888 69 197 63 229 65 554 9517 9365
78 0 1 2 3 4 5 6 7 8 9 10 12 11 13 14 17 18 19 15 21 16 24 20 29 32 23 26 22 44 30 35 33 46 34 1502 3756
79 0 1 2 3 4 5 6 7 8 9 11 10 13 12 15 14 19 18 17 21 23 16 25 28 20 22 35 30 27 24 37 26 71 50 51 98 41 968 4371 2848
80 0 1 2 4 3 5 7 6 8 9 10 11 14 13 12 17 16 20 15 31 28 19 18 21 34 24 23 27 26 37 25 52 22 41 30 50 62 121 1572
81 0 1 2 3 4 5 6 7 8 9 10 12 11 14 13 16 15 22 17 21 19 20 23 18 27 25 45 31 26 29 24 37 33 28 35 38 44 121 138 5921 1671
82 0 1 2 3 4 6 5 7 9 12 14 8 10 11 13 16 15 17 20 21 27 19 22 24 26 25 28 23 30 32 29 60 18 36 40 54 126 199 3097
83 0 1 2 3 4 5 7 6 9 8 11 10 15 14 12 13 19 16 18 21 20 17 28 24 26 31 25 27 41 33 37 35 36 30 23 38 22 62 120 3975 1671
84 0 1 2 3 4 5 6 7 8 10 12 11 9 14 15 16 13 17 19 20 18 24 21 22 28 32 27 29 31 26 23 34 36 25 30 69 155 126 1737 3097
85 0 1 2 3 4 6 5 9 8 7 10 20 19 14 25 23 33 13 11 18 16 17 15 35 28 29 22 32 30 12 24 52 31 26 27 69 176 6729 2848
86 0 1 2 3 4 5 7 6 9 8 10 12 13 15 14 11 16 17 18 23 20 21 19 25 22 26 27 28 24 34 30 38 35 29 45 41 37 54 120
87 0 1 2 3 4 5 6 7 9 8 12 15 11 10 14 16 18 21 13 20 22 17 24 27 25 23 31 38 30 26 41 19 32 33 36 63 138
88 0 1 2 3 4 5 7 6 9 8 12 11 15 17 10 14 21 13 22 16 19 23 18 27 24 25 35 47 28 20 38 26 45 54 30 29 41 37 120 69 155 1263 3244
89 0 1 2 3 4 5 7 6 8 10 11 9 13 15 14 12 18 19 23 16 17 35 26 28 24 27 71 22 36 34 25 21 39 53 139 968 8556 8458
90 0 1 2 3 4 5 6 7 8 9 12 11 10 13 17 14 19 15 21 23 28 16 22 20 24 35 26 18 25 27 37 33 31 32 29 30 62 155 2153 3244
91 0 1 2 3 5 4 6 7 8 9 11 15 13 17 12 14 10 20 35 18 33 19 34 48 27 28 41 25 38 16 22 93 60 30 70 78 1671 3244 8556
92 0 1 2 3 4 6 5 7 8 9 12 11 15 10 14 17 16 13 22 18 27 21 20 24 45 26 25 19 23 35 38 57 41 31 33 42 28 176 138
93 0 1 2 3 4 5 7 6 8 9 11 12 10 15 17 18 14 21 20 13 16 23 27 30 24 19 26 37 35 49 25 32 22 42 33 28 63 252 138 725 1290
94 0 1 2 3 5 4 6 10 9 7 14 23 8 12 21 16 22 13 11 15 18 20 37 19 31 45 29 33 34 26 30 80 17 121 44 60 28 63 554 5921 3244 8556 8458 7450
95 0 1 2 3 4 5 7 6 8 10 9 14 16 15 11 12 13 19 28 26 24 17 36 25 30 20 18 37 21 22 31 38 54 23 27 65 50 144 3975 138 2848
96 0 1 2 3 4 5 6 7 8 10 9 11 13 15 17 12 14 20 16 19 18 23 26 21 29 38 22 28 34 25 40 30 27 24 131 42 37 65 138 155
97 0 1 2 4 3 6 5 7 9 8 12 10 11 13 17 15 14 16 21 20 22 34 18 27 23 24 19 26 45 28 25 54 29 38 41 30 37 35 120
98 0 1 2 3 5 6 4 11 8 9 7 12 10 15 14 13 18 20 17 16 25 27 40 19 38 26 29 41 31 24 44 32 21 35 30 28 62 69 120
99 0 1 2 3 4 5 6 7 9 8 15 10 12 14 11 16 18 19 13 20 24 25 21 17 26 28 23 36 22 39 30 31 29 38 27 37 62 138 3110 3975 7450
